This is pdfTeX, Version 3.1415926-2.5-1.40.14 (TeX Live 2013) (format=latex 2019.5.8)  23 MAY 2019 14:38
entering extended mode
 restricted \write18 enabled.
 %&-line parsing enabled.
**datetime.ins
(./datetime.ins
LaTeX2e <2011/06/27>
Babel <v3.8m> and hyphenation patterns for english, dumylang, nohyphenation, lo
aded.
(/usr/share/texlive/texmf-dist/tex/latex/base/docstrip.tex
\blockLevel=\count79
\emptyLines=\count80
\processedLines=\count81
\commentsRemoved=\count82
\commentsPassed=\count83
\codeLinesPassed=\count84
\TotalprocessedLines=\count85
\TotalcommentsRemoved=\count86
\TotalcommentsPassed=\count87
\TotalcodeLinesPassed=\count88
\NumberOfFiles=\count89
\inFile=\read1
\inputcheck=\read2
\off@0=\count90
\off@1=\count91
\off@2=\count92
\off@3=\count93
\off@4=\count94
\off@5=\count95
\off@6=\count96
\off@7=\count97
\off@8=\count98
\off@9=\count99
\off@10=\count100
\off@11=\count101
\off@12=\count102
\off@13=\count103
\off@14=\count104
\off@15=\count105
\@maxfiles=\count106
\@maxoutfiles=\count107

Utility: `docstrip' 2.5d <2005/07/29>
English documentation    <1999/03/31>

**********************************************************
* This program converts documented macro-files into fast *
* loadable files by stripping off (nearly) all comments! *
**********************************************************

********************************************************
* No Configuration file found, using default settings. *
********************************************************

)

Generating file(s) ./datetime-defaults.sty ./datetime.sty ./dt-american.def ./d
t-australian.def ./dt-austrian.def ./dt-bahasa.def ./dt-basque.def ./dt-breton.
def ./dt-british.def ./dt-bulgarian.def ./dt-canadian.def ./dt-catalan.def ./dt
-croatian.def ./dt-czech.def ./dt-danish.def ./dt-dutch.def ./dt-esperanto.def 
./dt-estonian.def ./dt-finnish.def ./dt-french.def ./dt-galician.def ./dt-germa
n.def ./dt-greek.def ./dt-hebrew.def ./dt-icelandic.def ./dt-irish.def ./dt-ita
lian.def ./dt-latin.def ./dt-lsorbian.def ./dt-magyar.def ./dt-naustrian.def ./
dt-newzealand.def ./dt-ngerman.def ./dt-norsk.def ./dt-polish.def ./dt-portuges
.def ./dt-romanian.def ./dt-russian.def ./dt-samin.def ./dt-scottish.def ./dt-s
erbian.def ./dt-slovak.def ./dt-slovene.def ./dt-spanish.def ./dt-swedish.def .
/dt-turkish.def ./dt-UKenglish.def ./dt-ukraineb.def ./dt-USenglish.def ./dt-us
orbian.def ./dt-welsh.def ./dt-lang.tex ./dt-sampl.tex ./datetime.perl 
\openout0 = `./datetime-defaults.sty'.

\openout1 = `./datetime.sty'.

\openout2 = `./dt-american.def'.

\openout3 = `./dt-australian.def'.

\openout4 = `./dt-austrian.def'.

\openout5 = `./dt-bahasa.def'.

\openout6 = `./dt-basque.def'.

\openout7 = `./dt-breton.def'.

\openout8 = `./dt-british.def'.

\openout9 = `./dt-bulgarian.def'.

\openout10 = `./dt-canadian.def'.

\openout11 = `./dt-catalan.def'.

\openout12 = `./dt-croatian.def'.

\openout13 = `./dt-czech.def'.

\openout14 = `./dt-danish.def'.

\openout15 = `./dt-dutch.def'.


Processing file datetime.dtx (datetime-defaults.sty,package) -> datetime-defaul
ts.sty
                             (datetime.sty,package) -> datetime.sty
                             (dt-american.def,package) -> dt-american.def
                             (dt-australian.def,package) -> dt-australian.def
                             (dt-austrian.def,package) -> dt-austrian.def
                             (dt-bahasa.def,package) -> dt-bahasa.def
                             (dt-basque.def,package) -> dt-basque.def
                             (dt-breton.def,package) -> dt-breton.def
                             (dt-british.def,package) -> dt-british.def
                             (dt-bulgarian.def,package) -> dt-bulgarian.def
                             (dt-canadian.def,package) -> dt-canadian.def
                             (dt-catalan.def,package) -> dt-catalan.def
                             (dt-croatian.def,package) -> dt-croatian.def
                             (dt-czech.def,package) -> dt-czech.def
                             (dt-danish.def,package) -> dt-danish.def
                             (dt-dutch.def,package) -> dt-dutch.def
% % % % % % % % % % % % % % % % % <*package > % % % % % % <*driver . . . . . .
. . . . / / . . . > % % % % % % % % % % % % % % % % % % % % % % % % % % % % %
% % % % % % % % % % % % % % % % % % % % % % % % % % % % % % % % % % % % % % %
% % % % % % % % % % % % % % % % % % % % % % % % % % % % % % % % % % % % % % %
% % % % % % % % % % % % % % % % % % % % % % % % % % % % % % % % % % % % % % %
% % % % % % % % % % % % % % % % % % % % % % % % % % % % % % % % % % % % % % %
% % % % % % % % % % % % % % % % % % % % % % % % % % % % % % % % % % % % % % %
% % % % % % % % % % % % % % % % % % % % % % % % % % % % % % % % % % % % % % %
% % % % % % % % % % % % % % % % % % % % % % % % % % % % % % % % % % % % % % %
% % % % % % % % % % % % % % % % % % % % % % % % % % % % % % % % % % % % % % %
% % % % % % % % % % % % % % % % % % % % % % % % % % % % % % % % % % % % % % %
% % % % % % % % % % % % % % % % % % % % % % % % % % % % % % % % % % % % % % %
% % % % % % % % % % % % % % % % % % % % % % % % % % % % % % % % % % % % % % %
% % % % % % % % % % % % % % % % % % % % % % % % % % % % % % % % % % % % % % %
% % % % % % % % % % % % % % % % % % % % % % % % % % % % % % % % % % % % % % %
% % % % % % % % % % % % % % % % % % % % % % % % % % % % % % % % % % % % % % %
% % % % % % % % % % % % % % % % % % % % % % % % % % % % % % % % % % % % % % %
% % % % % % % % % % % % % % % % % % % % % % % % % % % % % % % % % % % % % % %
% % % % % <*datetime-defaults.sty % % % % . % % % % . % % % % . . . . . . . .
. . . . . . . . . . . . . % % % % % % . . . . . . . . . . . . . . . . . . . .
. . . % % % % % . . . . . . . . . . . % % % % % . . . . . . . . . . % % % % >
% % % % <*datetime.sty % % % % % . . % % % . % % % % . % % % . . . . % % % . %
% % % . % % % % % % % % . . % % % % % % % . % % % % % % % % % % % % . . . . .
. . . . . % % % % % % % % % % % . . % % % . . . . . . . . . % % % % % % % . %
% % % % % % % . % % % % . . . % % % % % . . . . . . % % % % % . . . . . . % %
% % % % % % . % % % % % % % . . . . . % % % % % % . . . . . % % % % % . . . .
% % % % % . . . . . . % % % % % % . . . . . % % % % % . . . . . . . % % % % %
. . . . % % % % % % . . . . . % % % % % . . . . % % % % % . . . . . . % % % %
% % . . . . . % % % % % % % . . . . . . % % % % % . . . . % % % % % . . . . %
% % % % . . . . % % % % % . . . . . . % % % % . . % % % % % % % % % % % % % %
% % % % . . . % % % . . . % % % % % . . . . . . . % % % % % % % % . . . % % %
% % % % . . . % % % % % % . % % % % % % % . . . . . . . . % % % % % % . . . .
. . % % % . . . . . . % % % % % . % % % % % % . % % % % . % % % . . . . . . .
. . . . . . . . . % % % % % % . . . . . . . . . . . . . . . . . . . . . . . .
. % % % % % . . % % % % % . . . % % % % % % % . . . . . % % % % % % % . . % %
% % % . . . % % % . % % % % . % % % % . . . . . . . . . . . . % % % . % % % .
% % % . % % % % % . % % % % . % % % % % . . % % % % . % % % % . % % % % . . %
% % % . % % % % . % % % % . % % % % . % % % % . % % % % . % % % % % % % . . .
. % % % % % . . . . . . . . . . . . . . . . . . . . . . . . . . . . . . . . .
. . . . . . . . . . . . . . . . . . . . . . . . . . . . . . . . . . . . . . .
. . . . . . . . . . . . . . . . . . . . . . . . . . . . . . . . . . . . . . .
. . . . . . . . . . . . . . . . . . . . . . . . . . . . . . . . . . . . . . .
% % % % . % % % % . . . . . . . . . . . . . . . . . . . . . . . . . . . . % %
% % % % . % % % . % % % . . . . . . . . . . % % % % % % . . . % % % % % % . .
. . . . . . . . % % % % % % . . . . . . . . . . . . . . . . . . . . . . . . .
. . . . . . . . . . . . . . . . . . . . . % % % . % % % . . . . % % % % . . %
% % . % % % % . % % % % . . . % % % % % . . % % % . . . . . . . . . . . . % %
% % . % % % % . % % % % . . . % % % % % . . % % % . . . . . . . . . . . . . .
% % % % . % % % % % % % % % . . . % % % . . . . . % % % % . % % % % . . . . %
% % % % % . . . . . . % % % . . . . . % % % . . . . . % % % . . . . . % % % %
. % % % % % % . . . . . . . . . . . . . . . . . . . . . . . . . . % % % % % .
% % % % % % % . . . . . . . . . . . . . . . % % % % % % % . . % % % . . . . .
. . . . . . . . . . . . . % % % % % . . . . % % % % % . . % % % % % . . . % %
% . . . . . . . . . . . . . . . . . . % % % % % . . % % % % . % % % % % % % .
. . . % % % % % % % . . . . . . . . . . . . . . . . . . . . . . . . . . . . .
. . . . . . . . . . . . . . . . . . . . . . . . % % % % % % % % % % % . . % %
% . . . . . . . % % % . . . . . . . % % % . . . . . . . . . % % % . . . . . .
. . . % % % . . . % % % % > % % % % <*dt-american.def % % % % % % . % % % . %
% % % . % % % % . % % % % . % % % % . % % % % . . % % % % > % % % %
<*dt-australian.def % % % % % % . % % % . % % % % . % % % % . % % % % . % % %
% . % % % % . . % % % % > % % % % <*dt-austrian.def % % % % % . % % % % . . .
. . . . . . . . . . . . . . . . . . . % % % % % . . . . . % % % % > % % % %
<*dt-bahasa.def % % % % % . % % % . . . . . . . . . . . . . . . . . . . . . .
% % % % . . . . . . . . . . . . . . . . . . . . . . % % % . . . . . % % % > %
% % % <*dt-basque.def % % % % % . % % % . . . . . . . . . . . . . . . . . . .
. . % % % % . . . . . . . . . . . . . . . . . . . . . . % % % . . . . . % % %
> % % % % <*dt-breton.def % % % % % . % % % % . . . % % % % . . . . . . . . .
. . . . . . . . . . . . . % % % % . . . . . . . . . . . . . . . . . . . . . .
% % % . . . . . . . . % % % > % % % % <*dt-british.def % % % % % . % % % . % %
% % . % % % % . % % % % . % % % % . % % % % . % % % % > % % % %
<*dt-bulgarian.def % % % % % . % % % . . . . . . . . . . . . . . . . . . . . .
. % % % % . . . . . . . . . . . . . . . . . . . . . . % % % . . . . . % % % >
% % % % <*dt-canadian.def % % % % % % . % % % . % % % % . % % % % . % % % % .
% % % % . % % % % . . % % % % > % % % % <*dt-catalan.def % % % % % . % % % . .
. . . . . . . . . . . . . . . . . . . . % % % % . . . . . . . . . . . . . . .
. . . . . . . % % % . . . . . . % % % > % % % % <*dt-croatian.def % % % % % .
% % % . . . . . . . . . . . . . . . . . . . . . . % % % % . . . . . . . . . .
. . . . . . . . . . . . % % % . . . . . . . . . . . . . . . . . . . . . . % %
% . . . . . % % % > % % % % <*dt-czech.def % % % % % . % % % . . . . . . . . .
. . . . . . . . . . . . . % % % % . . . . . . . . . . . . . . . . . . . . . .
% % % . . . . . % % % > % % % % <*dt-danish.def % % % % % . % % % . . . . . .
. . . . . . . . . . . . . . . . % % % . . . . . % % % > % % % % <*dt-dutch.def
% % % % % . % % % . . . . . . . . . . . . . . . . . . . . . . % % % . . . . .
% % % . . . . . . . . . . . . . . . . . . . . . % % % > % % % %
<*dt-esperanto.def % % % % % . % % % . . . . . . . . . . . . . . . . . . . . .
. % % % . . . . . . % % % > % % % % <*dt-estonian.def % % % % % . % % % . . .
. . . . . . . . . . . . . . . . . . . % % % . . . . . . % % % > % % % %
<*dt-finnish.def % % % % % . % % % . . . . . . . . . . . . . . . . . . . . . .
% % % . . . . . % % % > % % % % <*dt-french.def % % % % % . % % % % . . . % %
% % % % % . . % % % % . . . . . . . . . . . % % % . . . . . . . . . . . % % %
. . . . . . . . . . . . . . . . . . . . . . % % % . . . . . . % % % . . . . .
. . . . . . . . . . . . . . . . % % % > % % % % <*dt-galician.def % % % % % .
% % % . . . . . . . . . . . . . . . . . . . . . . % % % . . . . . . % % % > %
% % % <*dt-german.def % % % % % . % % % . . . . . . . . . . . . . . . . . . .
. . . % % % . . . . . . . . . . . % % . . . . . . . . . . . % % % . . . . . %
% % > % % % % <*dt-greek.def % % % % % . % % % . . . . . . . . . . . . . . . .
. . . . . . % % % . . . . . % % % > % % % % <*dt-hebrew.def % % % % % . % % %
% . % % % % . . . . . % % % > % % % % <*dt-icelandic.def % % % % % . % % % . .
. . . . . . . . . . . . . . . . . . . . % % % . . . . . % % % > % % % %
<*dt-irish.def % % % % % . % % % . . . . . . . . . . . . . . . . . . . . . . %
% % . . . . . % % % > % % % % <*dt-italian.def % % % % . % % % . . . . . . . .
. . . % % . . . . . . . . . . . % % . . . . . . . . . . . . . . . . . . . % %
. . . . . . . . . . . . . . . . . . . . % % . . . . . % % % > % % % %
<*dt-latin.def % % % % % . % % % . . . . . . . . . . . . . . . . . . . . . . %
% % . . . . . . . . % % % > % % % % <*dt-lsorbian.def % % % % % . % % % . . .
. . . . . . . . . . . . . . . . . . . % % % . . . . . . . . . . . . . . . . .
. . . . . % % % . % % % . . . . . % % % . . . . . % % % . % % % > % % % %
<*dt-magyar.def % % % % % . % % % . . . . . . . . . . . . . . . . . . . . . .
% % % . . . . . % % % > % % % % <*dt-naustrian.def % % % % % . % % % . . . . .
. . . . . . . . . . . . . . . . . % % % . . . . . % % % > % % % %
<*dt-newzealand.def % % % % % % . % % % . % % % % . % % % % . % % % % . % % %
% . % % % % . . % % % % > % % % % <*dt-ngerman.def % % % % % . % % % . . . . .
. . . . . . . . . . . . . . . . . % % % . . . . . . . . . . . % % . . . . . .
. . . . . % % % . . . . . % % % > % % % % <*dt-norsk.def % % % % % . % % % . .
. . . . . . . . . . . . . . . . . . . . % % % . . . . . % % % . . . . . . . .
. . . . . . . . . . . . % % % > % % % % <*dt-polish.def % % % % % . % % % % .
. . . . . . . . . . . . . . . . . . . . . % % % % . . . . . % % % % . . . . .
. . . . . . % % % % . . . . . . . . . . . % % % % > % % % % <*dt-portuges.def
% % % % % . % % % . . . . . . . . . . . % % % . . . . . . . . . . . . . . . .
. . . . . . % % % . . . . . . % % % > % % % % <*dt-romanian.def % % % % % . %
% % . . . . . . . . . . . . . . . . . . . . . . % % % . . . . . % % % . . . .
. . . . . . . % % % . . . . . . . . . . . % % % > % % % % <*dt-russian.def % %
% % % . % % % . . . . . . . . . . . . . . . . . . . . . . % % % . . . . . % %
% > % % % % <*dt-samin.def % % % % % . % % % . . . . . . . . . . . . . . . . .
. . . . . % % % . . . . . . % % % > % % % % <*dt-scottish.def % % % % % . % %
% . . . . . . . . . . . . . . . . . . . . . . % % % . . . . . % % % > % % % %
<*dt-serbian.def % % % % % . % % % . . . . . . . . . . . . . . . . . . . . . .
% % % . . . . . % % % > % % % % <*dt-slovak.def % % % % % . % % % . . . . . .
. . . . . . . . . . . . . . . % % % . . . . . % % % > % % % % <*dt-slovene.def
% % % % % . % % % . . . . . . . . . . . . . . . . . . . . . % % % . . . . . %
% % > % % % % <*dt-spanish.def % % % % % . % % % . . . . . . . . . . . % % % .
. . . . . . . . . . % % % . . . . . . . . . . . . . . . . . . . . . % % % . .
. . . % % % > % % % % <*dt-swedish.def % % % % % . % % % . . . . . . . . . . .
. . . . . . . . . . % % % % . . . . . % % % % . . . . . . % % % % . . . . . .
% % % . . . . . . . . . . . . . . . . . . . . % % % > % % % % <*dt-turkish.def
% % % % % . % % % . . . . . . . . . . . . . . . . . . . . . % % % . . . . . %
% % > % % % % <*dt-UKenglish.def % % % % % . % % % . % % % % . % % % % . % % %
% . % % % % . % % % % . % % % % > % % % % <*dt-ukraineb.def % % % % % . % % %
. . . . . . . . . . . . . . . . . . . . . % % % . . . . . % % % > % % % %
<*dt-USenglish.def % % % % % . % % % . % % % % . % % % % . % % % % . % % % % .
% % % % . . % % % % > % % % % <*dt-usorbian.def % % % % % . % % % . . . . . .
. . . . . . . . . . . . . . . % % % . . . . . . . . . . . . . . . . . . . . %
% % . % % % . . . . . % % % . . . . . % % % . % % % > % % % % <*dt-welsh.def %
% % % % . % % % % . . . % % % % . . . . . . . . . . . . . . . . . . . . . % %
% % . . . . . . . . . . . . % % % % > % % % % <*dt-lang.tex % % % . . . . . %
. . . . . . . . . . . . . . . . % % % > % % % % <*dt-sampl.tex % % % . . . . .
/ . . . . . . . . . . . . . . . . . . . . . . . . . . . . . . . . . . . . . .
. . . . . . . . . . . . . . . . . . . . . . . . . . . . . . . . . . . . . . .
. . . . . . . . . . . . . . . . . . . . . . . . . . . . . . . . . . . . . . .
. . . . . . . . % % % > % % % % <*datetime.perl % % % % . . . . . . . . . . .
. . . . . . . . . . . . . . . . . . . . . . . . . . . . . . . . . . . . . . .
. . . . . . . . . . . . . . . . . . . . . . . . . . . . . . . . . . . . . . .
. . . . . . . . . . . . . . . . . . . . . . . . . . . . . . . . . . . . . . .
. . . . . . . . . . . . . . . . . . . . . . . . . . . . . . . . . . . . . . .
. . . . . . . . . . . . . . . . . . . . . . . . . . . . . . . . . . . . . . .
. . . . . . . . . . . . . . . . . . . . . . . . . . . . . . . . . . . . . . .
. . . . . . . . . . . . . . . . . . . . . . . . . . . . . . . . . . . . . . .
. . . . . . . . . . . . . . . . . . . . . . . . . . . . . . . . . . . . . . .
. . . . . . . . . . . . . . . . . . . . . . . . . . . . . . . . . . . . . . .
. . . . . . . . . . . . . . . . . . . . . . . . . . . . . . . . . . . . . . .
. . . . . . . . . . . . . . . . . . . . . . . . . . . . . . . . . . . . . . .
. . . . . . . . . . . . . . . . . . . . . . . . . . . . . . . . . . . . . . .
. . . . . . . . . . . . . . . . . . . . . . . . . . . . . . . . . . . . . . .
. . . . . . . . . . . . . . . . . . . . . . . . . . . . . . . . . . . . . . .
. . . . . . . . . . . . . . . . . . . . . . . . . . . . . . . . . . . . . . .
. . . . . . . . . . . . . . . . . . . . . . . . . . . . . . . . . . . . . . .
. . . . . . . . . . . . . . . . . . . . . . . . . . . . . . . . . . . . . . .
. . . . . . . . . . . . . . . . . . . . . . . . . . . . . . . . . . . . . . .
. . . . . . . . . . . . . . . . . . . . . . . . . . . . . . . . . . . . . . .
. . . . . . . . . . . . . . . . . . . . . . . . . . . . . . . . . . . . . . .
. . . . . . . . . . . . . . . . . . . . . . . . . . . . . . . . . . . . . . .
. . . . . . . . . . . . . . . . . . . . . . . . . . . . . . . . . . . . . . .
. . . . . . . . . . . . . . . . . . . . . . . . . . . . . . . . . . . . . . .
. . . . . . . . . . . . . . . . . . . . . . . . . . . . . . . . . . . . . . .
. . . . . . . . . . . . . . . . . . . . . . . . . . . . . . . . . . . . . . .
. . . . . . . . . . . . . . . . . . . . . . . . . . . . . . . . . . . . . . .
. . . . . . . . . . . . . . . . . . . . . . . . . . . . . . . . . . . . . . .
. . . . . . . . . . . . . . . . . . . . . . . . . . . . . . . . . . . . . . .
. . . . . . . . . . . . . . . . . . . . . . . . . . . . . . . . . . . . . . .
. . . . . . . . . . . . . . . . . . . . . . . . . . . . . . . . . . . . . . .
. . . . . . . . . . . . . . . . . . . . . . . . . . . . . . . . . . . . . . .
. . . . . . . . . . . . . . . . . . . . . . . . . . . . . . . . . . . . . . .
. . . . . . . . . . . . . . . . . . . . . . . . . . . . . . . . . . . . . . .
. . . . . . . . . . . . . . . . . . . . . . . . . . . . . . . . . . . . . . .
. . . . . . . . . . . . . . . . . . . . . . . . . . . . . . . . . . . . . . .
. . . . . . . . . . . . . . . . . . . . . . . . . . . . . . . . . . . . . . .
. . . . . . . . . . . . . . . . . . . . . . . . . . . . . . . . . . . . . . .
. . . . . . . . . . . . . . . . . . . . . . . . . . . . . . . . . . . . . . .
. . . . . . . . . . . . . . . . . . . . . . . . . . . . . . . . . . . . . . .
. . . . . . . . . . . . . . . . . . . . . . . . . . . . . . . . . . . . . . .
. . . . . . . . . . . . . . . . . . . . . . . . . . . . . . . . . / . . . . .
. . . . . . . . . . . . . . . . . . . . . . . . . . . . . . . . . . . . . . .
. . . . . . . . . . . . . . . . . . . . . . . . . . . . . . . . . . . . . . .
. . . . . . . . . . . . . . . . . . . . . . . . . . . . . . . . . . . . . . .
. . . . . . . . . . . . . . . . . . . . . . . . . . . . . . . . . . . . . . .
. . . . . . . . . . . . . . . . . . . . . . . . . . . . . . . . . . . . . . .
. . . . . . . . . . . . . . . . . . . . . . . . . . . . . . . . . . . . . . .
. . . . . . . . . . . . . . . . . . . . . . . . . . . . . . . . . . . . . . .
. . . . . . . . . . . . . . . . . . . . . . . . . . . . . . . . . . . . . . .
. . . . . . . . . . . . . . . . . . . . . . . . . . . . . . . . . . . . . . .
. . . . . . . . . . . . . . . . . . . . . . . . . . . . . . . . . . . . . . .
. . . . . . . . . . . % % % % > % % %
File datetime.dtx ended by \endinput.
Lines  processed: 7429
Comments removed: 2536
Comments  passed: 15
Codelines passed: 4766

\openout0 = `./dt-esperanto.def'.

\openout1 = `./dt-estonian.def'.

\openout2 = `./dt-finnish.def'.

\openout3 = `./dt-french.def'.

\openout4 = `./dt-galician.def'.

\openout5 = `./dt-german.def'.

\openout6 = `./dt-greek.def'.

\openout7 = `./dt-hebrew.def'.

\openout8 = `./dt-icelandic.def'.

\openout9 = `./dt-irish.def'.

\openout10 = `./dt-italian.def'.

\openout11 = `./dt-latin.def'.

\openout12 = `./dt-lsorbian.def'.

\openout13 = `./dt-magyar.def'.

\openout14 = `./dt-naustrian.def'.

\openout15 = `./dt-newzealand.def'.


Processing file datetime.dtx (dt-esperanto.def,package) -> dt-esperanto.def
                             (dt-estonian.def,package) -> dt-estonian.def
                             (dt-finnish.def,package) -> dt-finnish.def
                             (dt-french.def,package) -> dt-french.def
                             (dt-galician.def,package) -> dt-galician.def
                             (dt-german.def,package) -> dt-german.def
                             (dt-greek.def,package) -> dt-greek.def
                             (dt-hebrew.def,package) -> dt-hebrew.def
                             (dt-icelandic.def,package) -> dt-icelandic.def
                             (dt-irish.def,package) -> dt-irish.def
                             (dt-italian.def,package) -> dt-italian.def
                             (dt-latin.def,package) -> dt-latin.def
                             (dt-lsorbian.def,package) -> dt-lsorbian.def
                             (dt-magyar.def,package) -> dt-magyar.def
                             (dt-naustrian.def,package) -> dt-naustrian.def
                             (dt-newzealand.def,package) -> dt-newzealand.def
% % % % % % % % % % % % % % % % % <*package > % % % % % % <*driver . . . . . .
. . . . / / . . . > % % % % % % % % % % % % % % % % % % % % % % % % % % % % %
% % % % % % % % % % % % % % % % % % % % % % % % % % % % % % % % % % % % % % %
% % % % % % % % % % % % % % % % % % % % % % % % % % % % % % % % % % % % % % %
% % % % % % % % % % % % % % % % % % % % % % % % % % % % % % % % % % % % % % %
% % % % % % % % % % % % % % % % % % % % % % % % % % % % % % % % % % % % % % %
% % % % % % % % % % % % % % % % % % % % % % % % % % % % % % % % % % % % % % %
% % % % % % % % % % % % % % % % % % % % % % % % % % % % % % % % % % % % % % %
% % % % % % % % % % % % % % % % % % % % % % % % % % % % % % % % % % % % % % %
% % % % % % % % % % % % % % % % % % % % % % % % % % % % % % % % % % % % % % %
% % % % % % % % % % % % % % % % % % % % % % % % % % % % % % % % % % % % % % %
% % % % % % % % % % % % % % % % % % % % % % % % % % % % % % % % % % % % % % %
% % % % % % % % % % % % % % % % % % % % % % % % % % % % % % % % % % % % % % %
% % % % % % % % % % % % % % % % % % % % % % % % % % % % % % % % % % % % % % %
% % % % % % % % % % % % % % % % % % % % % % % % % % % % % % % % % % % % % % %
% % % % % % % % % % % % % % % % % % % % % % % % % % % % % % % % % % % % % % %
% % % % % % % % % % % % % % % % % % % % % % % % % % % % % % % % % % % % % % %
% % % % % % % % % % % % % % % % % % % % % % % % % % % % % % % % % % % % % % %
% % % % % <*datetime-defaults.sty % % % % . % % % % . % % % % . . . . . . . .
. . . . . . . . . . . . . % % % % % % . . . . . . . . . . . . . . . . . . . .
. . . % % % % % . . . . . . . . . . . % % % % % . . . . . . . . . . % % % % >
% % % % <*datetime.sty % % % % % . . % % % . % % % % . % % % . . . . % % % . %
% % % . % % % % % % % % . . % % % % % % % . % % % % % % % % % % % % . . . . .
. . . . . % % % % % % % % % % % . . % % % . . . . . . . . . % % % % % % % . %
% % % % % % % . % % % % . . . % % % % % . . . . . . % % % % % . . . . . . % %
% % % % % % . % % % % % % % . . . . . % % % % % % . . . . . % % % % % . . . .
% % % % % . . . . . . % % % % % % . . . . . % % % % % . . . . . . . % % % % %
. . . . % % % % % % . . . . . % % % % % . . . . % % % % % . . . . . . % % % %
% % . . . . . % % % % % % % . . . . . . % % % % % . . . . % % % % % . . . . %
% % % % . . . . % % % % % . . . . . . % % % % . . % % % % % % % % % % % % % %
% % % % . . . % % % . . . % % % % % . . . . . . . % % % % % % % % . . . % % %
% % % % . . . % % % % % % . % % % % % % % . . . . . . . . % % % % % % . . . .
. . % % % . . . . . . % % % % % . % % % % % % . % % % % . % % % . . . . . . .
. . . . . . . . . % % % % % % . . . . . . . . . . . . . . . . . . . . . . . .
. % % % % % . . % % % % % . . . % % % % % % % . . . . . % % % % % % % . . % %
% % % . . . % % % . % % % % . % % % % . . . . . . . . . . . . % % % . % % % .
% % % . % % % % % . % % % % . % % % % % . . % % % % . % % % % . % % % % . . %
% % % . % % % % . % % % % . % % % % . % % % % . % % % % . % % % % % % % . . .
. % % % % % . . . . . . . . . . . . . . . . . . . . . . . . . . . . . . . . .
. . . . . . . . . . . . . . . . . . . . . . . . . . . . . . . . . . . . . . .
. . . . . . . . . . . . . . . . . . . . . . . . . . . . . . . . . . . . . . .
. . . . . . . . . . . . . . . . . . . . . . . . . . . . . . . . . . . . . . .
% % % % . % % % % . . . . . . . . . . . . . . . . . . . . . . . . . . . . % %
% % % % . % % % . % % % . . . . . . . . . . % % % % % % . . . % % % % % % . .
. . . . . . . . % % % % % % . . . . . . . . . . . . . . . . . . . . . . . . .
. . . . . . . . . . . . . . . . . . . . . % % % . % % % . . . . % % % % . . %
% % . % % % % . % % % % . . . % % % % % . . % % % . . . . . . . . . . . . % %
% % . % % % % . % % % % . . . % % % % % . . % % % . . . . . . . . . . . . . .
% % % % . % % % % % % % % % . . . % % % . . . . . % % % % . % % % % . . . . %
% % % % % . . . . . . % % % . . . . . % % % . . . . . % % % . . . . . % % % %
. % % % % % % . . . . . . . . . . . . . . . . . . . . . . . . . . % % % % % .
% % % % % % % . . . . . . . . . . . . . . . % % % % % % % . . % % % . . . . .
. . . . . . . . . . . . . % % % % % . . . . % % % % % . . % % % % % . . . % %
% . . . . . . . . . . . . . . . . . . % % % % % . . % % % % . % % % % % % % .
. . . % % % % % % % . . . . . . . . . . . . . . . . . . . . . . . . . . . . .
. . . . . . . . . . . . . . . . . . . . . . . . % % % % % % % % % % % . . % %
% . . . . . . . % % % . . . . . . . % % % . . . . . . . . . % % % . . . . . .
. . . % % % . . . % % % % > % % % % <*dt-american.def % % % % % % . % % % . %
% % % . % % % % . % % % % . % % % % . % % % % . . % % % % > % % % %
<*dt-australian.def % % % % % % . % % % . % % % % . % % % % . % % % % . % % %
% . % % % % . . % % % % > % % % % <*dt-austrian.def % % % % % . % % % % . . .
. . . . . . . . . . . . . . . . . . . % % % % % . . . . . % % % % > % % % %
<*dt-bahasa.def % % % % % . % % % . . . . . . . . . . . . . . . . . . . . . .
% % % % . . . . . . . . . . . . . . . . . . . . . . % % % . . . . . % % % > %
% % % <*dt-basque.def % % % % % . % % % . . . . . . . . . . . . . . . . . . .
. . % % % % . . . . . . . . . . . . . . . . . . . . . . % % % . . . . . % % %
> % % % % <*dt-breton.def % % % % % . % % % % . . . % % % % . . . . . . . . .
. . . . . . . . . . . . . % % % % . . . . . . . . . . . . . . . . . . . . . .
% % % . . . . . . . . % % % > % % % % <*dt-british.def % % % % % . % % % . % %
% % . % % % % . % % % % . % % % % . % % % % . % % % % > % % % %
<*dt-bulgarian.def % % % % % . % % % . . . . . . . . . . . . . . . . . . . . .
. % % % % . . . . . . . . . . . . . . . . . . . . . . % % % . . . . . % % % >
% % % % <*dt-canadian.def % % % % % % . % % % . % % % % . % % % % . % % % % .
% % % % . % % % % . . % % % % > % % % % <*dt-catalan.def % % % % % . % % % . .
. . . . . . . . . . . . . . . . . . . . % % % % . . . . . . . . . . . . . . .
. . . . . . . % % % . . . . . . % % % > % % % % <*dt-croatian.def % % % % % .
% % % . . . . . . . . . . . . . . . . . . . . . . % % % % . . . . . . . . . .
. . . . . . . . . . . . % % % . . . . . . . . . . . . . . . . . . . . . . % %
% . . . . . % % % > % % % % <*dt-czech.def % % % % % . % % % . . . . . . . . .
. . . . . . . . . . . . . % % % % . . . . . . . . . . . . . . . . . . . . . .
% % % . . . . . % % % > % % % % <*dt-danish.def % % % % % . % % % . . . . . .
. . . . . . . . . . . . . . . . % % % . . . . . % % % > % % % % <*dt-dutch.def
% % % % % . % % % . . . . . . . . . . . . . . . . . . . . . . % % % . . . . .
% % % . . . . . . . . . . . . . . . . . . . . . % % % > % % % %
<*dt-esperanto.def % % % % % . % % % . . . . . . . . . . . . . . . . . . . . .
. % % % . . . . . . % % % > % % % % <*dt-estonian.def % % % % % . % % % . . .
. . . . . . . . . . . . . . . . . . . % % % . . . . . . % % % > % % % %
<*dt-finnish.def % % % % % . % % % . . . . . . . . . . . . . . . . . . . . . .
% % % . . . . . % % % > % % % % <*dt-french.def % % % % % . % % % % . . . % %
% % % % % . . % % % % . . . . . . . . . . . % % % . . . . . . . . . . . % % %
. . . . . . . . . . . . . . . . . . . . . . % % % . . . . . . % % % . . . . .
. . . . . . . . . . . . . . . . % % % > % % % % <*dt-galician.def % % % % % .
% % % . . . . . . . . . . . . . . . . . . . . . . % % % . . . . . . % % % > %
% % % <*dt-german.def % % % % % . % % % . . . . . . . . . . . . . . . . . . .
. . . % % % . . . . . . . . . . . % % . . . . . . . . . . . % % % . . . . . %
% % > % % % % <*dt-greek.def % % % % % . % % % . . . . . . . . . . . . . . . .
. . . . . . % % % . . . . . % % % > % % % % <*dt-hebrew.def % % % % % . % % %
% . % % % % . . . . . % % % > % % % % <*dt-icelandic.def % % % % % . % % % . .
. . . . . . . . . . . . . . . . . . . . % % % . . . . . % % % > % % % %
<*dt-irish.def % % % % % . % % % . . . . . . . . . . . . . . . . . . . . . . %
% % . . . . . % % % > % % % % <*dt-italian.def % % % % . % % % . . . . . . . .
. . . % % . . . . . . . . . . . % % . . . . . . . . . . . . . . . . . . . % %
. . . . . . . . . . . . . . . . . . . . % % . . . . . % % % > % % % %
<*dt-latin.def % % % % % . % % % . . . . . . . . . . . . . . . . . . . . . . %
% % . . . . . . . . % % % > % % % % <*dt-lsorbian.def % % % % % . % % % . . .
. . . . . . . . . . . . . . . . . . . % % % . . . . . . . . . . . . . . . . .
. . . . . % % % . % % % . . . . . % % % . . . . . % % % . % % % > % % % %
<*dt-magyar.def % % % % % . % % % . . . . . . . . . . . . . . . . . . . . . .
% % % . . . . . % % % > % % % % <*dt-naustrian.def % % % % % . % % % . . . . .
. . . . . . . . . . . . . . . . . % % % . . . . . % % % > % % % %
<*dt-newzealand.def % % % % % % . % % % . % % % % . % % % % . % % % % . % % %
% . % % % % . . % % % % > % % % % <*dt-ngerman.def % % % % % . % % % . . . . .
. . . . . . . . . . . . . . . . . % % % . . . . . . . . . . . % % . . . . . .
. . . . . % % % . . . . . % % % > % % % % <*dt-norsk.def % % % % % . % % % . .
. . . . . . . . . . . . . . . . . . . . % % % . . . . . % % % . . . . . . . .
. . . . . . . . . . . . % % % > % % % % <*dt-polish.def % % % % % . % % % % .
. . . . . . . . . . . . . . . . . . . . . % % % % . . . . . % % % % . . . . .
. . . . . . % % % % . . . . . . . . . . . % % % % > % % % % <*dt-portuges.def
% % % % % . % % % . . . . . . . . . . . % % % . . . . . . . . . . . . . . . .
. . . . . . % % % . . . . . . % % % > % % % % <*dt-romanian.def % % % % % . %
% % . . . . . . . . . . . . . . . . . . . . . . % % % . . . . . % % % . . . .
. . . . . . . % % % . . . . . . . . . . . % % % > % % % % <*dt-russian.def % %
% % % . % % % . . . . . . . . . . . . . . . . . . . . . . % % % . . . . . % %
% > % % % % <*dt-samin.def % % % % % . % % % . . . . . . . . . . . . . . . . .
. . . . . % % % . . . . . . % % % > % % % % <*dt-scottish.def % % % % % . % %
% . . . . . . . . . . . . . . . . . . . . . . % % % . . . . . % % % > % % % %
<*dt-serbian.def % % % % % . % % % . . . . . . . . . . . . . . . . . . . . . .
% % % . . . . . % % % > % % % % <*dt-slovak.def % % % % % . % % % . . . . . .
. . . . . . . . . . . . . . . % % % . . . . . % % % > % % % % <*dt-slovene.def
% % % % % . % % % . . . . . . . . . . . . . . . . . . . . . % % % . . . . . %
% % > % % % % <*dt-spanish.def % % % % % . % % % . . . . . . . . . . . % % % .
. . . . . . . . . . % % % . . . . . . . . . . . . . . . . . . . . . % % % . .
. . . % % % > % % % % <*dt-swedish.def % % % % % . % % % . . . . . . . . . . .
. . . . . . . . . . % % % % . . . . . % % % % . . . . . . % % % % . . . . . .
% % % . . . . . . . . . . . . . . . . . . . . % % % > % % % % <*dt-turkish.def
% % % % % . % % % . . . . . . . . . . . . . . . . . . . . . % % % . . . . . %
% % > % % % % <*dt-UKenglish.def % % % % % . % % % . % % % % . % % % % . % % %
% . % % % % . % % % % . % % % % > % % % % <*dt-ukraineb.def % % % % % . % % %
. . . . . . . . . . . . . . . . . . . . . % % % . . . . . % % % > % % % %
<*dt-USenglish.def % % % % % . % % % . % % % % . % % % % . % % % % . % % % % .
% % % % . . % % % % > % % % % <*dt-usorbian.def % % % % % . % % % . . . . . .
. . . . . . . . . . . . . . . % % % . . . . . . . . . . . . . . . . . . . . %
% % . % % % . . . . . % % % . . . . . % % % . % % % > % % % % <*dt-welsh.def %
% % % % . % % % % . . . % % % % . . . . . . . . . . . . . . . . . . . . . % %
% % . . . . . . . . . . . . % % % % > % % % % <*dt-lang.tex % % % . . . . . %
. . . . . . . . . . . . . . . . % % % > % % % % <*dt-sampl.tex % % % . . . . .
/ . . . . . . . . . . . . . . . . . . . . . . . . . . . . . . . . . . . . . .
. . . . . . . . . . . . . . . . . . . . . . . . . . . . . . . . . . . . . . .
. . . . . . . . . . . . . . . . . . . . . . . . . . . . . . . . . . . . . . .
. . . . . . . . % % % > % % % % <*datetime.perl % % % % . . . . . . . . . . .
. . . . . . . . . . . . . . . . . . . . . . . . . . . . . . . . . . . . . . .
. . . . . . . . . . . . . . . . . . . . . . . . . . . . . . . . . . . . . . .
. . . . . . . . . . . . . . . . . . . . . . . . . . . . . . . . . . . . . . .
. . . . . . . . . . . . . . . . . . . . . . . . . . . . . . . . . . . . . . .
. . . . . . . . . . . . . . . . . . . . . . . . . . . . . . . . . . . . . . .
. . . . . . . . . . . . . . . . . . . . . . . . . . . . . . . . . . . . . . .
. . . . . . . . . . . . . . . . . . . . . . . . . . . . . . . . . . . . . . .
. . . . . . . . . . . . . . . . . . . . . . . . . . . . . . . . . . . . . . .
. . . . . . . . . . . . . . . . . . . . . . . . . . . . . . . . . . . . . . .
. . . . . . . . . . . . . . . . . . . . . . . . . . . . . . . . . . . . . . .
. . . . . . . . . . . . . . . . . . . . . . . . . . . . . . . . . . . . . . .
. . . . . . . . . . . . . . . . . . . . . . . . . . . . . . . . . . . . . . .
. . . . . . . . . . . . . . . . . . . . . . . . . . . . . . . . . . . . . . .
. . . . . . . . . . . . . . . . . . . . . . . . . . . . . . . . . . . . . . .
. . . . . . . . . . . . . . . . . . . . . . . . . . . . . . . . . . . . . . .
. . . . . . . . . . . . . . . . . . . . . . . . . . . . . . . . . . . . . . .
. . . . . . . . . . . . . . . . . . . . . . . . . . . . . . . . . . . . . . .
. . . . . . . . . . . . . . . . . . . . . . . . . . . . . . . . . . . . . . .
. . . . . . . . . . . . . . . . . . . . . . . . . . . . . . . . . . . . . . .
. . . . . . . . . . . . . . . . . . . . . . . . . . . . . . . . . . . . . . .
. . . . . . . . . . . . . . . . . . . . . . . . . . . . . . . . . . . . . . .
. . . . . . . . . . . . . . . . . . . . . . . . . . . . . . . . . . . . . . .
. . . . . . . . . . . . . . . . . . . . . . . . . . . . . . . . . . . . . . .
. . . . . . . . . . . . . . . . . . . . . . . . . . . . . . . . . . . . . . .
. . . . . . . . . . . . . . . . . . . . . . . . . . . . . . . . . . . . . . .
. . . . . . . . . . . . . . . . . . . . . . . . . . . . . . . . . . . . . . .
. . . . . . . . . . . . . . . . . . . . . . . . . . . . . . . . . . . . . . .
. . . . . . . . . . . . . . . . . . . . . . . . . . . . . . . . . . . . . . .
. . . . . . . . . . . . . . . . . . . . . . . . . . . . . . . . . . . . . . .
. . . . . . . . . . . . . . . . . . . . . . . . . . . . . . . . . . . . . . .
. . . . . . . . . . . . . . . . . . . . . . . . . . . . . . . . . . . . . . .
. . . . . . . . . . . . . . . . . . . . . . . . . . . . . . . . . . . . . . .
. . . . . . . . . . . . . . . . . . . . . . . . . . . . . . . . . . . . . . .
. . . . . . . . . . . . . . . . . . . . . . . . . . . . . . . . . . . . . . .
. . . . . . . . . . . . . . . . . . . . . . . . . . . . . . . . . . . . . . .
. . . . . . . . . . . . . . . . . . . . . . . . . . . . . . . . . . . . . . .
. . . . . . . . . . . . . . . . . . . . . . . . . . . . . . . . . . . . . . .
. . . . . . . . . . . . . . . . . . . . . . . . . . . . . . . . . . . . . . .
. . . . . . . . . . . . . . . . . . . . . . . . . . . . . . . . . . . . . . .
. . . . . . . . . . . . . . . . . . . . . . . . . . . . . . . . . . . . . . .
. . . . . . . . . . . . . . . . . . . . . . . . . . . . . . . . . / . . . . .
. . . . . . . . . . . . . . . . . . . . . . . . . . . . . . . . . . . . . . .
. . . . . . . . . . . . . . . . . . . . . . . . . . . . . . . . . . . . . . .
. . . . . . . . . . . . . . . . . . . . . . . . . . . . . . . . . . . . . . .
. . . . . . . . . . . . . . . . . . . . . . . . . . . . . . . . . . . . . . .
. . . . . . . . . . . . . . . . . . . . . . . . . . . . . . . . . . . . . . .
. . . . . . . . . . . . . . . . . . . . . . . . . . . . . . . . . . . . . . .
. . . . . . . . . . . . . . . . . . . . . . . . . . . . . . . . . . . . . . .
. . . . . . . . . . . . . . . . . . . . . . . . . . . . . . . . . . . . . . .
. . . . . . . . . . . . . . . . . . . . . . . . . . . . . . . . . . . . . . .
. . . . . . . . . . . . . . . . . . . . . . . . . . . . . . . . . . . . . . .
. . . . . . . . . . . % % % % > % % %
File datetime.dtx ended by \endinput.
Lines  processed: 7429
Comments removed: 2536
Comments  passed: 15
Codelines passed: 4766

\openout0 = `./dt-ngerman.def'.

\openout1 = `./dt-norsk.def'.

\openout2 = `./dt-polish.def'.

\openout3 = `./dt-portuges.def'.

\openout4 = `./dt-romanian.def'.

\openout5 = `./dt-russian.def'.

\openout6 = `./dt-samin.def'.

\openout7 = `./dt-scottish.def'.

\openout8 = `./dt-serbian.def'.

\openout9 = `./dt-slovak.def'.

\openout10 = `./dt-slovene.def'.

\openout11 = `./dt-spanish.def'.

\openout12 = `./dt-swedish.def'.

\openout13 = `./dt-turkish.def'.

\openout14 = `./dt-UKenglish.def'.

\openout15 = `./dt-ukraineb.def'.


Processing file datetime.dtx (dt-ngerman.def,package) -> dt-ngerman.def
                             (dt-norsk.def,package) -> dt-norsk.def
                             (dt-polish.def,package) -> dt-polish.def
                             (dt-portuges.def,package) -> dt-portuges.def
                             (dt-romanian.def,package) -> dt-romanian.def
                             (dt-russian.def,package) -> dt-russian.def
                             (dt-samin.def,package) -> dt-samin.def
                             (dt-scottish.def,package) -> dt-scottish.def
                             (dt-serbian.def,package) -> dt-serbian.def
                             (dt-slovak.def,package) -> dt-slovak.def
                             (dt-slovene.def,package) -> dt-slovene.def
                             (dt-spanish.def,package) -> dt-spanish.def
                             (dt-swedish.def,package) -> dt-swedish.def
                             (dt-turkish.def,package) -> dt-turkish.def
                             (dt-UKenglish.def,package) -> dt-UKenglish.def
                             (dt-ukraineb.def,package) -> dt-ukraineb.def
% % % % % % % % % % % % % % % % % <*package > % % % % % % <*driver . . . . . .
. . . . / / . . . > % % % % % % % % % % % % % % % % % % % % % % % % % % % % %
% % % % % % % % % % % % % % % % % % % % % % % % % % % % % % % % % % % % % % %
% % % % % % % % % % % % % % % % % % % % % % % % % % % % % % % % % % % % % % %
% % % % % % % % % % % % % % % % % % % % % % % % % % % % % % % % % % % % % % %
% % % % % % % % % % % % % % % % % % % % % % % % % % % % % % % % % % % % % % %
% % % % % % % % % % % % % % % % % % % % % % % % % % % % % % % % % % % % % % %
% % % % % % % % % % % % % % % % % % % % % % % % % % % % % % % % % % % % % % %
% % % % % % % % % % % % % % % % % % % % % % % % % % % % % % % % % % % % % % %
% % % % % % % % % % % % % % % % % % % % % % % % % % % % % % % % % % % % % % %
% % % % % % % % % % % % % % % % % % % % % % % % % % % % % % % % % % % % % % %
% % % % % % % % % % % % % % % % % % % % % % % % % % % % % % % % % % % % % % %
% % % % % % % % % % % % % % % % % % % % % % % % % % % % % % % % % % % % % % %
% % % % % % % % % % % % % % % % % % % % % % % % % % % % % % % % % % % % % % %
% % % % % % % % % % % % % % % % % % % % % % % % % % % % % % % % % % % % % % %
% % % % % % % % % % % % % % % % % % % % % % % % % % % % % % % % % % % % % % %
% % % % % % % % % % % % % % % % % % % % % % % % % % % % % % % % % % % % % % %
% % % % % % % % % % % % % % % % % % % % % % % % % % % % % % % % % % % % % % %
% % % % % <*datetime-defaults.sty % % % % . % % % % . % % % % . . . . . . . .
. . . . . . . . . . . . . % % % % % % . . . . . . . . . . . . . . . . . . . .
. . . % % % % % . . . . . . . . . . . % % % % % . . . . . . . . . . % % % % >
% % % % <*datetime.sty % % % % % . . % % % . % % % % . % % % . . . . % % % . %
% % % . % % % % % % % % . . % % % % % % % . % % % % % % % % % % % % . . . . .
. . . . . % % % % % % % % % % % . . % % % . . . . . . . . . % % % % % % % . %
% % % % % % % . % % % % . . . % % % % % . . . . . . % % % % % . . . . . . % %
% % % % % % . % % % % % % % . . . . . % % % % % % . . . . . % % % % % . . . .
% % % % % . . . . . . % % % % % % . . . . . % % % % % . . . . . . . % % % % %
. . . . % % % % % % . . . . . % % % % % . . . . % % % % % . . . . . . % % % %
% % . . . . . % % % % % % % . . . . . . % % % % % . . . . % % % % % . . . . %
% % % % . . . . % % % % % . . . . . . % % % % . . % % % % % % % % % % % % % %
% % % % . . . % % % . . . % % % % % . . . . . . . % % % % % % % % . . . % % %
% % % % . . . % % % % % % . % % % % % % % . . . . . . . . % % % % % % . . . .
. . % % % . . . . . . % % % % % . % % % % % % . % % % % . % % % . . . . . . .
. . . . . . . . . % % % % % % . . . . . . . . . . . . . . . . . . . . . . . .
. % % % % % . . % % % % % . . . % % % % % % % . . . . . % % % % % % % . . % %
% % % . . . % % % . % % % % . % % % % . . . . . . . . . . . . % % % . % % % .
% % % . % % % % % . % % % % . % % % % % . . % % % % . % % % % . % % % % . . %
% % % . % % % % . % % % % . % % % % . % % % % . % % % % . % % % % % % % . . .
. % % % % % . . . . . . . . . . . . . . . . . . . . . . . . . . . . . . . . .
. . . . . . . . . . . . . . . . . . . . . . . . . . . . . . . . . . . . . . .
. . . . . . . . . . . . . . . . . . . . . . . . . . . . . . . . . . . . . . .
. . . . . . . . . . . . . . . . . . . . . . . . . . . . . . . . . . . . . . .
% % % % . % % % % . . . . . . . . . . . . . . . . . . . . . . . . . . . . % %
% % % % . % % % . % % % . . . . . . . . . . % % % % % % . . . % % % % % % . .
. . . . . . . . % % % % % % . . . . . . . . . . . . . . . . . . . . . . . . .
. . . . . . . . . . . . . . . . . . . . . % % % . % % % . . . . % % % % . . %
% % . % % % % . % % % % . . . % % % % % . . % % % . . . . . . . . . . . . % %
% % . % % % % . % % % % . . . % % % % % . . % % % . . . . . . . . . . . . . .
% % % % . % % % % % % % % % . . . % % % . . . . . % % % % . % % % % . . . . %
% % % % % . . . . . . % % % . . . . . % % % . . . . . % % % . . . . . % % % %
. % % % % % % . . . . . . . . . . . . . . . . . . . . . . . . . . % % % % % .
% % % % % % % . . . . . . . . . . . . . . . % % % % % % % . . % % % . . . . .
. . . . . . . . . . . . . % % % % % . . . . % % % % % . . % % % % % . . . % %
% . . . . . . . . . . . . . . . . . . % % % % % . . % % % % . % % % % % % % .
. . . % % % % % % % . . . . . . . . . . . . . . . . . . . . . . . . . . . . .
. . . . . . . . . . . . . . . . . . . . . . . . % % % % % % % % % % % . . % %
% . . . . . . . % % % . . . . . . . % % % . . . . . . . . . % % % . . . . . .
. . . % % % . . . % % % % > % % % % <*dt-american.def % % % % % % . % % % . %
% % % . % % % % . % % % % . % % % % . % % % % . . % % % % > % % % %
<*dt-australian.def % % % % % % . % % % . % % % % . % % % % . % % % % . % % %
% . % % % % . . % % % % > % % % % <*dt-austrian.def % % % % % . % % % % . . .
. . . . . . . . . . . . . . . . . . . % % % % % . . . . . % % % % > % % % %
<*dt-bahasa.def % % % % % . % % % . . . . . . . . . . . . . . . . . . . . . .
% % % % . . . . . . . . . . . . . . . . . . . . . . % % % . . . . . % % % > %
% % % <*dt-basque.def % % % % % . % % % . . . . . . . . . . . . . . . . . . .
. . % % % % . . . . . . . . . . . . . . . . . . . . . . % % % . . . . . % % %
> % % % % <*dt-breton.def % % % % % . % % % % . . . % % % % . . . . . . . . .
. . . . . . . . . . . . . % % % % . . . . . . . . . . . . . . . . . . . . . .
% % % . . . . . . . . % % % > % % % % <*dt-british.def % % % % % . % % % . % %
% % . % % % % . % % % % . % % % % . % % % % . % % % % > % % % %
<*dt-bulgarian.def % % % % % . % % % . . . . . . . . . . . . . . . . . . . . .
. % % % % . . . . . . . . . . . . . . . . . . . . . . % % % . . . . . % % % >
% % % % <*dt-canadian.def % % % % % % . % % % . % % % % . % % % % . % % % % .
% % % % . % % % % . . % % % % > % % % % <*dt-catalan.def % % % % % . % % % . .
. . . . . . . . . . . . . . . . . . . . % % % % . . . . . . . . . . . . . . .
. . . . . . . % % % . . . . . . % % % > % % % % <*dt-croatian.def % % % % % .
% % % . . . . . . . . . . . . . . . . . . . . . . % % % % . . . . . . . . . .
. . . . . . . . . . . . % % % . . . . . . . . . . . . . . . . . . . . . . % %
% . . . . . % % % > % % % % <*dt-czech.def % % % % % . % % % . . . . . . . . .
. . . . . . . . . . . . . % % % % . . . . . . . . . . . . . . . . . . . . . .
% % % . . . . . % % % > % % % % <*dt-danish.def % % % % % . % % % . . . . . .
. . . . . . . . . . . . . . . . % % % . . . . . % % % > % % % % <*dt-dutch.def
% % % % % . % % % . . . . . . . . . . . . . . . . . . . . . . % % % . . . . .
% % % . . . . . . . . . . . . . . . . . . . . . % % % > % % % %
<*dt-esperanto.def % % % % % . % % % . . . . . . . . . . . . . . . . . . . . .
. % % % . . . . . . % % % > % % % % <*dt-estonian.def % % % % % . % % % . . .
. . . . . . . . . . . . . . . . . . . % % % . . . . . . % % % > % % % %
<*dt-finnish.def % % % % % . % % % . . . . . . . . . . . . . . . . . . . . . .
% % % . . . . . % % % > % % % % <*dt-french.def % % % % % . % % % % . . . % %
% % % % % . . % % % % . . . . . . . . . . . % % % . . . . . . . . . . . % % %
. . . . . . . . . . . . . . . . . . . . . . % % % . . . . . . % % % . . . . .
. . . . . . . . . . . . . . . . % % % > % % % % <*dt-galician.def % % % % % .
% % % . . . . . . . . . . . . . . . . . . . . . . % % % . . . . . . % % % > %
% % % <*dt-german.def % % % % % . % % % . . . . . . . . . . . . . . . . . . .
. . . % % % . . . . . . . . . . . % % . . . . . . . . . . . % % % . . . . . %
% % > % % % % <*dt-greek.def % % % % % . % % % . . . . . . . . . . . . . . . .
. . . . . . % % % . . . . . % % % > % % % % <*dt-hebrew.def % % % % % . % % %
% . % % % % . . . . . % % % > % % % % <*dt-icelandic.def % % % % % . % % % . .
. . . . . . . . . . . . . . . . . . . . % % % . . . . . % % % > % % % %
<*dt-irish.def % % % % % . % % % . . . . . . . . . . . . . . . . . . . . . . %
% % . . . . . % % % > % % % % <*dt-italian.def % % % % . % % % . . . . . . . .
. . . % % . . . . . . . . . . . % % . . . . . . . . . . . . . . . . . . . % %
. . . . . . . . . . . . . . . . . . . . % % . . . . . % % % > % % % %
<*dt-latin.def % % % % % . % % % . . . . . . . . . . . . . . . . . . . . . . %
% % . . . . . . . . % % % > % % % % <*dt-lsorbian.def % % % % % . % % % . . .
. . . . . . . . . . . . . . . . . . . % % % . . . . . . . . . . . . . . . . .
. . . . . % % % . % % % . . . . . % % % . . . . . % % % . % % % > % % % %
<*dt-magyar.def % % % % % . % % % . . . . . . . . . . . . . . . . . . . . . .
% % % . . . . . % % % > % % % % <*dt-naustrian.def % % % % % . % % % . . . . .
. . . . . . . . . . . . . . . . . % % % . . . . . % % % > % % % %
<*dt-newzealand.def % % % % % % . % % % . % % % % . % % % % . % % % % . % % %
% . % % % % . . % % % % > % % % % <*dt-ngerman.def % % % % % . % % % . . . . .
. . . . . . . . . . . . . . . . . % % % . . . . . . . . . . . % % . . . . . .
. . . . . % % % . . . . . % % % > % % % % <*dt-norsk.def % % % % % . % % % . .
. . . . . . . . . . . . . . . . . . . . % % % . . . . . % % % . . . . . . . .
. . . . . . . . . . . . % % % > % % % % <*dt-polish.def % % % % % . % % % % .
. . . . . . . . . . . . . . . . . . . . . % % % % . . . . . % % % % . . . . .
. . . . . . % % % % . . . . . . . . . . . % % % % > % % % % <*dt-portuges.def
% % % % % . % % % . . . . . . . . . . . % % % . . . . . . . . . . . . . . . .
. . . . . . % % % . . . . . . % % % > % % % % <*dt-romanian.def % % % % % . %
% % . . . . . . . . . . . . . . . . . . . . . . % % % . . . . . % % % . . . .
. . . . . . . % % % . . . . . . . . . . . % % % > % % % % <*dt-russian.def % %
% % % . % % % . . . . . . . . . . . . . . . . . . . . . . % % % . . . . . % %
% > % % % % <*dt-samin.def % % % % % . % % % . . . . . . . . . . . . . . . . .
. . . . . % % % . . . . . . % % % > % % % % <*dt-scottish.def % % % % % . % %
% . . . . . . . . . . . . . . . . . . . . . . % % % . . . . . % % % > % % % %
<*dt-serbian.def % % % % % . % % % . . . . . . . . . . . . . . . . . . . . . .
% % % . . . . . % % % > % % % % <*dt-slovak.def % % % % % . % % % . . . . . .
. . . . . . . . . . . . . . . % % % . . . . . % % % > % % % % <*dt-slovene.def
% % % % % . % % % . . . . . . . . . . . . . . . . . . . . . % % % . . . . . %
% % > % % % % <*dt-spanish.def % % % % % . % % % . . . . . . . . . . . % % % .
. . . . . . . . . . % % % . . . . . . . . . . . . . . . . . . . . . % % % . .
. . . % % % > % % % % <*dt-swedish.def % % % % % . % % % . . . . . . . . . . .
. . . . . . . . . . % % % % . . . . . % % % % . . . . . . % % % % . . . . . .
% % % . . . . . . . . . . . . . . . . . . . . % % % > % % % % <*dt-turkish.def
% % % % % . % % % . . . . . . . . . . . . . . . . . . . . . % % % . . . . . %
% % > % % % % <*dt-UKenglish.def % % % % % . % % % . % % % % . % % % % . % % %
% . % % % % . % % % % . % % % % > % % % % <*dt-ukraineb.def % % % % % . % % %
. . . . . . . . . . . . . . . . . . . . . % % % . . . . . % % % > % % % %
<*dt-USenglish.def % % % % % . % % % . % % % % . % % % % . % % % % . % % % % .
% % % % . . % % % % > % % % % <*dt-usorbian.def % % % % % . % % % . . . . . .
. . . . . . . . . . . . . . . % % % . . . . . . . . . . . . . . . . . . . . %
% % . % % % . . . . . % % % . . . . . % % % . % % % > % % % % <*dt-welsh.def %
% % % % . % % % % . . . % % % % . . . . . . . . . . . . . . . . . . . . . % %
% % . . . . . . . . . . . . % % % % > % % % % <*dt-lang.tex % % % . . . . . %
. . . . . . . . . . . . . . . . % % % > % % % % <*dt-sampl.tex % % % . . . . .
/ . . . . . . . . . . . . . . . . . . . . . . . . . . . . . . . . . . . . . .
. . . . . . . . . . . . . . . . . . . . . . . . . . . . . . . . . . . . . . .
. . . . . . . . . . . . . . . . . . . . . . . . . . . . . . . . . . . . . . .
. . . . . . . . % % % > % % % % <*datetime.perl % % % % . . . . . . . . . . .
. . . . . . . . . . . . . . . . . . . . . . . . . . . . . . . . . . . . . . .
. . . . . . . . . . . . . . . . . . . . . . . . . . . . . . . . . . . . . . .
. . . . . . . . . . . . . . . . . . . . . . . . . . . . . . . . . . . . . . .
. . . . . . . . . . . . . . . . . . . . . . . . . . . . . . . . . . . . . . .
. . . . . . . . . . . . . . . . . . . . . . . . . . . . . . . . . . . . . . .
. . . . . . . . . . . . . . . . . . . . . . . . . . . . . . . . . . . . . . .
. . . . . . . . . . . . . . . . . . . . . . . . . . . . . . . . . . . . . . .
. . . . . . . . . . . . . . . . . . . . . . . . . . . . . . . . . . . . . . .
. . . . . . . . . . . . . . . . . . . . . . . . . . . . . . . . . . . . . . .
. . . . . . . . . . . . . . . . . . . . . . . . . . . . . . . . . . . . . . .
. . . . . . . . . . . . . . . . . . . . . . . . . . . . . . . . . . . . . . .
. . . . . . . . . . . . . . . . . . . . . . . . . . . . . . . . . . . . . . .
. . . . . . . . . . . . . . . . . . . . . . . . . . . . . . . . . . . . . . .
. . . . . . . . . . . . . . . . . . . . . . . . . . . . . . . . . . . . . . .
. . . . . . . . . . . . . . . . . . . . . . . . . . . . . . . . . . . . . . .
. . . . . . . . . . . . . . . . . . . . . . . . . . . . . . . . . . . . . . .
. . . . . . . . . . . . . . . . . . . . . . . . . . . . . . . . . . . . . . .
. . . . . . . . . . . . . . . . . . . . . . . . . . . . . . . . . . . . . . .
. . . . . . . . . . . . . . . . . . . . . . . . . . . . . . . . . . . . . . .
. . . . . . . . . . . . . . . . . . . . . . . . . . . . . . . . . . . . . . .
. . . . . . . . . . . . . . . . . . . . . . . . . . . . . . . . . . . . . . .
. . . . . . . . . . . . . . . . . . . . . . . . . . . . . . . . . . . . . . .
. . . . . . . . . . . . . . . . . . . . . . . . . . . . . . . . . . . . . . .
. . . . . . . . . . . . . . . . . . . . . . . . . . . . . . . . . . . . . . .
. . . . . . . . . . . . . . . . . . . . . . . . . . . . . . . . . . . . . . .
. . . . . . . . . . . . . . . . . . . . . . . . . . . . . . . . . . . . . . .
. . . . . . . . . . . . . . . . . . . . . . . . . . . . . . . . . . . . . . .
. . . . . . . . . . . . . . . . . . . . . . . . . . . . . . . . . . . . . . .
. . . . . . . . . . . . . . . . . . . . . . . . . . . . . . . . . . . . . . .
. . . . . . . . . . . . . . . . . . . . . . . . . . . . . . . . . . . . . . .
. . . . . . . . . . . . . . . . . . . . . . . . . . . . . . . . . . . . . . .
. . . . . . . . . . . . . . . . . . . . . . . . . . . . . . . . . . . . . . .
. . . . . . . . . . . . . . . . . . . . . . . . . . . . . . . . . . . . . . .
. . . . . . . . . . . . . . . . . . . . . . . . . . . . . . . . . . . . . . .
. . . . . . . . . . . . . . . . . . . . . . . . . . . . . . . . . . . . . . .
. . . . . . . . . . . . . . . . . . . . . . . . . . . . . . . . . . . . . . .
. . . . . . . . . . . . . . . . . . . . . . . . . . . . . . . . . . . . . . .
. . . . . . . . . . . . . . . . . . . . . . . . . . . . . . . . . . . . . . .
. . . . . . . . . . . . . . . . . . . . . . . . . . . . . . . . . . . . . . .
. . . . . . . . . . . . . . . . . . . . . . . . . . . . . . . . . . . . . . .
. . . . . . . . . . . . . . . . . . . . . . . . . . . . . . . . . / . . . . .
. . . . . . . . . . . . . . . . . . . . . . . . . . . . . . . . . . . . . . .
. . . . . . . . . . . . . . . . . . . . . . . . . . . . . . . . . . . . . . .
. . . . . . . . . . . . . . . . . . . . . . . . . . . . . . . . . . . . . . .
. . . . . . . . . . . . . . . . . . . . . . . . . . . . . . . . . . . . . . .
. . . . . . . . . . . . . . . . . . . . . . . . . . . . . . . . . . . . . . .
. . . . . . . . . . . . . . . . . . . . . . . . . . . . . . . . . . . . . . .
. . . . . . . . . . . . . . . . . . . . . . . . . . . . . . . . . . . . . . .
. . . . . . . . . . . . . . . . . . . . . . . . . . . . . . . . . . . . . . .
. . . . . . . . . . . . . . . . . . . . . . . . . . . . . . . . . . . . . . .
. . . . . . . . . . . . . . . . . . . . . . . . . . . . . . . . . . . . . . .
. . . . . . . . . . . % % % % > % % %
File datetime.dtx ended by \endinput.
Lines  processed: 7429
Comments removed: 2536
Comments  passed: 15
Codelines passed: 4766

\openout0 = `./dt-USenglish.def'.

\openout1 = `./dt-usorbian.def'.

\openout2 = `./dt-welsh.def'.

\openout3 = `./dt-lang.tex'.

\openout4 = `./dt-sampl.tex'.

\openout5 = `./datetime.perl'.


Processing file datetime.dtx (dt-USenglish.def,package) -> dt-USenglish.def
                             (dt-usorbian.def,package) -> dt-usorbian.def
                             (dt-welsh.def,package) -> dt-welsh.def
                             (dt-lang.tex,package) -> dt-lang.tex
                             (dt-sampl.tex,package) -> dt-sampl.tex
                             (datetime.perl) -> datetime.perl
% % % % % % % % % % % % % % % % % <*package > % % % % % % <*driver . . . . . .
. . . . / / . . . > % % % % % % % % % % % % % % % % % % % % % % % % % % % % %
% % % % % % % % % % % % % % % % % % % % % % % % % % % % % % % % % % % % % % %
% % % % % % % % % % % % % % % % % % % % % % % % % % % % % % % % % % % % % % %
% % % % % % % % % % % % % % % % % % % % % % % % % % % % % % % % % % % % % % %
% % % % % % % % % % % % % % % % % % % % % % % % % % % % % % % % % % % % % % %
% % % % % % % % % % % % % % % % % % % % % % % % % % % % % % % % % % % % % % %
% % % % % % % % % % % % % % % % % % % % % % % % % % % % % % % % % % % % % % %
% % % % % % % % % % % % % % % % % % % % % % % % % % % % % % % % % % % % % % %
% % % % % % % % % % % % % % % % % % % % % % % % % % % % % % % % % % % % % % %
% % % % % % % % % % % % % % % % % % % % % % % % % % % % % % % % % % % % % % %
% % % % % % % % % % % % % % % % % % % % % % % % % % % % % % % % % % % % % % %
% % % % % % % % % % % % % % % % % % % % % % % % % % % % % % % % % % % % % % %
% % % % % % % % % % % % % % % % % % % % % % % % % % % % % % % % % % % % % % %
% % % % % % % % % % % % % % % % % % % % % % % % % % % % % % % % % % % % % % %
% % % % % % % % % % % % % % % % % % % % % % % % % % % % % % % % % % % % % % %
% % % % % % % % % % % % % % % % % % % % % % % % % % % % % % % % % % % % % % %
% % % % % % % % % % % % % % % % % % % % % % % % % % % % % % % % % % % % % % %
% % % % % <*datetime-defaults.sty % % % % . % % % % . % % % % . . . . . . . .
. . . . . . . . . . . . . % % % % % % . . . . . . . . . . . . . . . . . . . .
. . . % % % % % . . . . . . . . . . . % % % % % . . . . . . . . . . % % % % >
% % % % <*datetime.sty % % % % % . . % % % . % % % % . % % % . . . . % % % . %
% % % . % % % % % % % % . . % % % % % % % . % % % % % % % % % % % % . . . . .
. . . . . % % % % % % % % % % % . . % % % . . . . . . . . . % % % % % % % . %
% % % % % % % . % % % % . . . % % % % % . . . . . . % % % % % . . . . . . % %
% % % % % % . % % % % % % % . . . . . % % % % % % . . . . . % % % % % . . . .
% % % % % . . . . . . % % % % % % . . . . . % % % % % . . . . . . . % % % % %
. . . . % % % % % % . . . . . % % % % % . . . . % % % % % . . . . . . % % % %
% % . . . . . % % % % % % % . . . . . . % % % % % . . . . % % % % % . . . . %
% % % % . . . . % % % % % . . . . . . % % % % . . % % % % % % % % % % % % % %
% % % % . . . % % % . . . % % % % % . . . . . . . % % % % % % % % . . . % % %
% % % % . . . % % % % % % . % % % % % % % . . . . . . . . % % % % % % . . . .
. . % % % . . . . . . % % % % % . % % % % % % . % % % % . % % % . . . . . . .
. . . . . . . . . % % % % % % . . . . . . . . . . . . . . . . . . . . . . . .
. % % % % % . . % % % % % . . . % % % % % % % . . . . . % % % % % % % . . % %
% % % . . . % % % . % % % % . % % % % . . . . . . . . . . . . % % % . % % % .
% % % . % % % % % . % % % % . % % % % % . . % % % % . % % % % . % % % % . . %
% % % . % % % % . % % % % . % % % % . % % % % . % % % % . % % % % % % % . . .
. % % % % % . . . . . . . . . . . . . . . . . . . . . . . . . . . . . . . . .
. . . . . . . . . . . . . . . . . . . . . . . . . . . . . . . . . . . . . . .
. . . . . . . . . . . . . . . . . . . . . . . . . . . . . . . . . . . . . . .
. . . . . . . . . . . . . . . . . . . . . . . . . . . . . . . . . . . . . . .
% % % % . % % % % . . . . . . . . . . . . . . . . . . . . . . . . . . . . % %
% % % % . % % % . % % % . . . . . . . . . . % % % % % % . . . % % % % % % . .
. . . . . . . . % % % % % % . . . . . . . . . . . . . . . . . . . . . . . . .
. . . . . . . . . . . . . . . . . . . . . % % % . % % % . . . . % % % % . . %
% % . % % % % . % % % % . . . % % % % % . . % % % . . . . . . . . . . . . % %
% % . % % % % . % % % % . . . % % % % % . . % % % . . . . . . . . . . . . . .
% % % % . % % % % % % % % % . . . % % % . . . . . % % % % . % % % % . . . . %
% % % % % . . . . . . % % % . . . . . % % % . . . . . % % % . . . . . % % % %
. % % % % % % . . . . . . . . . . . . . . . . . . . . . . . . . . % % % % % .
% % % % % % % . . . . . . . . . . . . . . . % % % % % % % . . % % % . . . . .
. . . . . . . . . . . . . % % % % % . . . . % % % % % . . % % % % % . . . % %
% . . . . . . . . . . . . . . . . . . % % % % % . . % % % % . % % % % % % % .
. . . % % % % % % % . . . . . . . . . . . . . . . . . . . . . . . . . . . . .
. . . . . . . . . . . . . . . . . . . . . . . . % % % % % % % % % % % . . % %
% . . . . . . . % % % . . . . . . . % % % . . . . . . . . . % % % . . . . . .
. . . % % % . . . % % % % > % % % % <*dt-american.def % % % % % % . % % % . %
% % % . % % % % . % % % % . % % % % . % % % % . . % % % % > % % % %
<*dt-australian.def % % % % % % . % % % . % % % % . % % % % . % % % % . % % %
% . % % % % . . % % % % > % % % % <*dt-austrian.def % % % % % . % % % % . . .
. . . . . . . . . . . . . . . . . . . % % % % % . . . . . % % % % > % % % %
<*dt-bahasa.def % % % % % . % % % . . . . . . . . . . . . . . . . . . . . . .
% % % % . . . . . . . . . . . . . . . . . . . . . . % % % . . . . . % % % > %
% % % <*dt-basque.def % % % % % . % % % . . . . . . . . . . . . . . . . . . .
. . % % % % . . . . . . . . . . . . . . . . . . . . . . % % % . . . . . % % %
> % % % % <*dt-breton.def % % % % % . % % % % . . . % % % % . . . . . . . . .
. . . . . . . . . . . . . % % % % . . . . . . . . . . . . . . . . . . . . . .
% % % . . . . . . . . % % % > % % % % <*dt-british.def % % % % % . % % % . % %
% % . % % % % . % % % % . % % % % . % % % % . % % % % > % % % %
<*dt-bulgarian.def % % % % % . % % % . . . . . . . . . . . . . . . . . . . . .
. % % % % . . . . . . . . . . . . . . . . . . . . . . % % % . . . . . % % % >
% % % % <*dt-canadian.def % % % % % % . % % % . % % % % . % % % % . % % % % .
% % % % . % % % % . . % % % % > % % % % <*dt-catalan.def % % % % % . % % % . .
. . . . . . . . . . . . . . . . . . . . % % % % . . . . . . . . . . . . . . .
. . . . . . . % % % . . . . . . % % % > % % % % <*dt-croatian.def % % % % % .
% % % . . . . . . . . . . . . . . . . . . . . . . % % % % . . . . . . . . . .
. . . . . . . . . . . . % % % . . . . . . . . . . . . . . . . . . . . . . % %
% . . . . . % % % > % % % % <*dt-czech.def % % % % % . % % % . . . . . . . . .
. . . . . . . . . . . . . % % % % . . . . . . . . . . . . . . . . . . . . . .
% % % . . . . . % % % > % % % % <*dt-danish.def % % % % % . % % % . . . . . .
. . . . . . . . . . . . . . . . % % % . . . . . % % % > % % % % <*dt-dutch.def
% % % % % . % % % . . . . . . . . . . . . . . . . . . . . . . % % % . . . . .
% % % . . . . . . . . . . . . . . . . . . . . . % % % > % % % %
<*dt-esperanto.def % % % % % . % % % . . . . . . . . . . . . . . . . . . . . .
. % % % . . . . . . % % % > % % % % <*dt-estonian.def % % % % % . % % % . . .
. . . . . . . . . . . . . . . . . . . % % % . . . . . . % % % > % % % %
<*dt-finnish.def % % % % % . % % % . . . . . . . . . . . . . . . . . . . . . .
% % % . . . . . % % % > % % % % <*dt-french.def % % % % % . % % % % . . . % %
% % % % % . . % % % % . . . . . . . . . . . % % % . . . . . . . . . . . % % %
. . . . . . . . . . . . . . . . . . . . . . % % % . . . . . . % % % . . . . .
. . . . . . . . . . . . . . . . % % % > % % % % <*dt-galician.def % % % % % .
% % % . . . . . . . . . . . . . . . . . . . . . . % % % . . . . . . % % % > %
% % % <*dt-german.def % % % % % . % % % . . . . . . . . . . . . . . . . . . .
. . . % % % . . . . . . . . . . . % % . . . . . . . . . . . % % % . . . . . %
% % > % % % % <*dt-greek.def % % % % % . % % % . . . . . . . . . . . . . . . .
. . . . . . % % % . . . . . % % % > % % % % <*dt-hebrew.def % % % % % . % % %
% . % % % % . . . . . % % % > % % % % <*dt-icelandic.def % % % % % . % % % . .
. . . . . . . . . . . . . . . . . . . . % % % . . . . . % % % > % % % %
<*dt-irish.def % % % % % . % % % . . . . . . . . . . . . . . . . . . . . . . %
% % . . . . . % % % > % % % % <*dt-italian.def % % % % . % % % . . . . . . . .
. . . % % . . . . . . . . . . . % % . . . . . . . . . . . . . . . . . . . % %
. . . . . . . . . . . . . . . . . . . . % % . . . . . % % % > % % % %
<*dt-latin.def % % % % % . % % % . . . . . . . . . . . . . . . . . . . . . . %
% % . . . . . . . . % % % > % % % % <*dt-lsorbian.def % % % % % . % % % . . .
. . . . . . . . . . . . . . . . . . . % % % . . . . . . . . . . . . . . . . .
. . . . . % % % . % % % . . . . . % % % . . . . . % % % . % % % > % % % %
<*dt-magyar.def % % % % % . % % % . . . . . . . . . . . . . . . . . . . . . .
% % % . . . . . % % % > % % % % <*dt-naustrian.def % % % % % . % % % . . . . .
. . . . . . . . . . . . . . . . . % % % . . . . . % % % > % % % %
<*dt-newzealand.def % % % % % % . % % % . % % % % . % % % % . % % % % . % % %
% . % % % % . . % % % % > % % % % <*dt-ngerman.def % % % % % . % % % . . . . .
. . . . . . . . . . . . . . . . . % % % . . . . . . . . . . . % % . . . . . .
. . . . . % % % . . . . . % % % > % % % % <*dt-norsk.def % % % % % . % % % . .
. . . . . . . . . . . . . . . . . . . . % % % . . . . . % % % . . . . . . . .
. . . . . . . . . . . . % % % > % % % % <*dt-polish.def % % % % % . % % % % .
. . . . . . . . . . . . . . . . . . . . . % % % % . . . . . % % % % . . . . .
. . . . . . % % % % . . . . . . . . . . . % % % % > % % % % <*dt-portuges.def
% % % % % . % % % . . . . . . . . . . . % % % . . . . . . . . . . . . . . . .
. . . . . . % % % . . . . . . % % % > % % % % <*dt-romanian.def % % % % % . %
% % . . . . . . . . . . . . . . . . . . . . . . % % % . . . . . % % % . . . .
. . . . . . . % % % . . . . . . . . . . . % % % > % % % % <*dt-russian.def % %
% % % . % % % . . . . . . . . . . . . . . . . . . . . . . % % % . . . . . % %
% > % % % % <*dt-samin.def % % % % % . % % % . . . . . . . . . . . . . . . . .
. . . . . % % % . . . . . . % % % > % % % % <*dt-scottish.def % % % % % . % %
% . . . . . . . . . . . . . . . . . . . . . . % % % . . . . . % % % > % % % %
<*dt-serbian.def % % % % % . % % % . . . . . . . . . . . . . . . . . . . . . .
% % % . . . . . % % % > % % % % <*dt-slovak.def % % % % % . % % % . . . . . .
. . . . . . . . . . . . . . . % % % . . . . . % % % > % % % % <*dt-slovene.def
% % % % % . % % % . . . . . . . . . . . . . . . . . . . . . % % % . . . . . %
% % > % % % % <*dt-spanish.def % % % % % . % % % . . . . . . . . . . . % % % .
. . . . . . . . . . % % % . . . . . . . . . . . . . . . . . . . . . % % % . .
. . . % % % > % % % % <*dt-swedish.def % % % % % . % % % . . . . . . . . . . .
. . . . . . . . . . % % % % . . . . . % % % % . . . . . . % % % % . . . . . .
% % % . . . . . . . . . . . . . . . . . . . . % % % > % % % % <*dt-turkish.def
% % % % % . % % % . . . . . . . . . . . . . . . . . . . . . % % % . . . . . %
% % > % % % % <*dt-UKenglish.def % % % % % . % % % . % % % % . % % % % . % % %
% . % % % % . % % % % . % % % % > % % % % <*dt-ukraineb.def % % % % % . % % %
. . . . . . . . . . . . . . . . . . . . . % % % . . . . . % % % > % % % %
<*dt-USenglish.def % % % % % . % % % . % % % % . % % % % . % % % % . % % % % .
% % % % . . % % % % > % % % % <*dt-usorbian.def % % % % % . % % % . . . . . .
. . . . . . . . . . . . . . . % % % . . . . . . . . . . . . . . . . . . . . %
% % . % % % . . . . . % % % . . . . . % % % . % % % > % % % % <*dt-welsh.def %
% % % % . % % % % . . . % % % % . . . . . . . . . . . . . . . . . . . . . % %
% % . . . . . . . . . . . . % % % % > % % % % <*dt-lang.tex % % % . . . . . %
. . . . . . . . . . . . . . . . % % % > % % % % <*dt-sampl.tex % % % . . . . .
/ . . . . . . . . . . . . . . . . . . . . . . . . . . . . . . . . . . . . . .
. . . . . . . . . . . . . . . . . . . . . . . . . . . . . . . . . . . . . . .
. . . . . . . . . . . . . . . . . . . . . . . . . . . . . . . . . . . . . . .
. . . . . . . . % % % > % % % % <*datetime.perl % % % % . . . . . . . . . . .
. . . . . . . . . . . . . . . . . . . . . . . . . . . . . . . . . . . . . . .
. . . . . . . . . . . . . . . . . . . . . . . . . . . . . . . . . . . . . . .
. . . . . . . . . . . . . . . . . . . . . . . . . . . . . . . . . . . . . . .
. . . . . . . . . . . . . . . . . . . . . . . . . . . . . . . . . . . . . . .
. . . . . . . . . . . . . . . . . . . . . . . . . . . . . . . . . . . . . . .
. . . . . . . . . . . . . . . . . . . . . . . . . . . . . . . . . . . . . . .
. . . . . . . . . . . . . . . . . . . . . . . . . . . . . . . . . . . . . . .
. . . . . . . . . . . . . . . . . . . . . . . . . . . . . . . . . . . . . . .
. . . . . . . . . . . . . . . . . . . . . . . . . . . . . . . . . . . . . . .
. . . . . . . . . . . . . . . . . . . . . . . . . . . . . . . . . . . . . . .
. . . . . . . . . . . . . . . . . . . . . . . . . . . . . . . . . . . . . . .
. . . . . . . . . . . . . . . . . . . . . . . . . . . . . . . . . . . . . . .
. . . . . . . . . . . . . . . . . . . . . . . . . . . . . . . . . . . . . . .
. . . . . . . . . . . . . . . . . . . . . . . . . . . . . . . . . . . . . . .
. . . . . . . . . . . . . . . . . . . . . . . . . . . . . . . . . . . . . . .
. . . . . . . . . . . . . . . . . . . . . . . . . . . . . . . . . . . . . . .
. . . . . . . . . . . . . . . . . . . . . . . . . . . . . . . . . . . . . . .
. . . . . . . . . . . . . . . . . . . . . . . . . . . . . . . . . . . . . . .
. . . . . . . . . . . . . . . . . . . . . . . . . . . . . . . . . . . . . . .
. . . . . . . . . . . . . . . . . . . . . . . . . . . . . . . . . . . . . . .
. . . . . . . . . . . . . . . . . . . . . . . . . . . . . . . . . . . . . . .
. . . . . . . . . . . . . . . . . . . . . . . . . . . . . . . . . . . . . . .
. . . . . . . . . . . . . . . . . . . . . . . . . . . . . . . . . . . . . . .
. . . . . . . . . . . . . . . . . . . . . . . . . . . . . . . . . . . . . . .
. . . . . . . . . . . . . . . . . . . . . . . . . . . . . . . . . . . . . . .
. . . . . . . . . . . . . . . . . . . . . . . . . . . . . . . . . . . . . . .
. . . . . . . . . . . . . . . . . . . . . . . . . . . . . . . . . . . . . . .
. . . . . . . . . . . . . . . . . . . . . . . . . . . . . . . . . . . . . . .
. . . . . . . . . . . . . . . . . . . . . . . . . . . . . . . . . . . . . . .
. . . . . . . . . . . . . . . . . . . . . . . . . . . . . . . . . . . . . . .
. . . . . . . . . . . . . . . . . . . . . . . . . . . . . . . . . . . . . . .
. . . . . . . . . . . . . . . . . . . . . . . . . . . . . . . . . . . . . . .
. . . . . . . . . . . . . . . . . . . . . . . . . . . . . . . . . . . . . . .
. . . . . . . . . . . . . . . . . . . . . . . . . . . . . . . . . . . . . . .
. . . . . . . . . . . . . . . . . . . . . . . . . . . . . . . . . . . . . . .
. . . . . . . . . . . . . . . . . . . . . . . . . . . . . . . . . . . . . . .
. . . . . . . . . . . . . . . . . . . . . . . . . . . . . . . . . . . . . . .
. . . . . . . . . . . . . . . . . . . . . . . . . . . . . . . . . . . . . . .
. . . . . . . . . . . . . . . . . . . . . . . . . . . . . . . . . . . . . . .
. . . . . . . . . . . . . . . . . . . . . . . . . . . . . . . . . . . . . . .
. . . . . . . . . . . . . . . . . . . . . . . . . . . . . . . . . / . . . . .
. . . . . . . . . . . . . . . . . . . . . . . . . . . . . . . . . . . . . . .
. . . . . . . . . . . . . . . . . . . . . . . . . . . . . . . . . . . . . . .
. . . . . . . . . . . . . . . . . . . . . . . . . . . . . . . . . . . . . . .
. . . . . . . . . . . . . . . . . . . . . . . . . . . . . . . . . . . . . . .
. . . . . . . . . . . . . . . . . . . . . . . . . . . . . . . . . . . . . . .
. . . . . . . . . . . . . . . . . . . . . . . . . . . . . . . . . . . . . . .
. . . . . . . . . . . . . . . . . . . . . . . . . . . . . . . . . . . . . . .
. . . . . . . . . . . . . . . . . . . . . . . . . . . . . . . . . . . . . . .
. . . . . . . . . . . . . . . . . . . . . . . . . . . . . . . . . . . . . . .
. . . . . . . . . . . . . . . . . . . . . . . . . . . . . . . . . . . . . . .
. . . . . . . . . . . % % % % > % % %
File datetime.dtx ended by \endinput.
Lines  processed: 7429
Comments removed: 2536
Comments  passed: 15
Codelines passed: 4766

Overall statistics:
Files  processed: 4
Lines  processed: 29716
Comments removed: 10144
Comments  passed: 60
Codelines passed: 19064
 ) 
Here is how much of TeX's memory you used:
 757 strings out of 495064
 10175 string characters out of 3182225
 68781 words of memory out of 3000000
 3981 multiletter control sequences out of 15000+200000
 3640 words of font info for 14 fonts, out of 3000000 for 9000
 14 hyphenation exceptions out of 8191
 11i,0n,15p,966b,547s stack positions out of 5000i,500n,10000p,200000b,50000s

No pages of output.
