This is pdfTeX, Version 3.14159265-2.6-1.40.19 (TeX Live 2018) (preloaded format=latex 2020.4.22)  18 AUG 2020 11:20
entering extended mode
 restricted \write18 enabled.
 %&-line parsing enabled.
**makebst.ins
(./makebst.ins
LaTeX2e <2017-04-15>
Babel <3.17> and hyphenation patterns for 3 language(s) loaded.
(/usr/share/texlive/texmf-dist/tex/latex/base/docstrip.tex
\blockLevel=\count79
\emptyLines=\count80
\processedLines=\count81
\commentsRemoved=\count82
\commentsPassed=\count83
\codeLinesPassed=\count84
\TotalprocessedLines=\count85
\TotalcommentsRemoved=\count86
\TotalcommentsPassed=\count87
\TotalcodeLinesPassed=\count88
\NumberOfFiles=\count89
\inFile=\read1
\inputcheck=\read2
\off@0=\count90
\off@1=\count91
\off@2=\count92
\off@3=\count93
\off@4=\count94
\off@5=\count95
\off@6=\count96
\off@7=\count97
\off@8=\count98
\off@9=\count99
\off@10=\count100
\off@11=\count101
\off@12=\count102
\off@13=\count103
\off@14=\count104
\off@15=\count105
\@maxfiles=\count106
\@maxoutfiles=\count107

Utility: `docstrip' 2.5e <2014/09/29>
English documentation    <2017/03/13>

**********************************************************
* This program converts documented macro-files into fast *
* loadable files by stripping off (nearly) all comments! *
**********************************************************

********************************************************
* No Configuration file found, using default settings. *
********************************************************

)

Generating file(s) ./makebst.tex 
\openout0 = `./makebst.tex'.


Processing file makebst.dtx (program,optlist,) -> makebst.tex
Lines  processed: 1247
Comments removed: 884
Comments  passed: 17
Codelines passed: 328


Generating file(s) ./makebst.drv 
\openout0 = `./makebst.drv'.


Processing file makebst.dtx (driver) -> makebst.drv
Lines  processed: 1247
Comments removed: 884
Comments  passed: 17
Codelines passed: 328

Overall statistics:
Files  processed: 2
Lines  processed: 2494
Comments removed: 1768
Comments  passed: 34
Codelines passed: 656
 ) 
Here is how much of TeX's memory you used:
 327 strings out of 494918
 3284 string characters out of 6180725
 53684 words of memory out of 5000000
 3739 multiletter control sequences out of 15000+600000
 3640 words of font info for 14 fonts, out of 8000000 for 9000
 14 hyphenation exceptions out of 8191
 13i,0n,15p,157b,131s stack positions out of 5000i,500n,10000p,200000b,80000s

No pages of output.
