This is TeX, Version 3.14159265 (TeX Live 2018) (preloaded format=tex 2020.4.22)  7 DEC 2020 15:20
**datetime2.ins
(./datetime2.ins (/usr/share/texlive/texmf-dist/tex/latex/base/docstrip.tex
\blockLevel=\count26
\emptyLines=\count27
\processedLines=\count28
\commentsRemoved=\count29
\commentsPassed=\count30
\codeLinesPassed=\count31
\TotalprocessedLines=\count32
\TotalcommentsRemoved=\count33
\TotalcommentsPassed=\count34
\TotalcodeLinesPassed=\count35
\NumberOfFiles=\count36
\inFile=\read0
\inputcheck=\read1
\@tempcnta=\count37
\off@0=\count38
\off@1=\count39
\off@2=\count40
\off@3=\count41
\off@4=\count42
\off@5=\count43
\off@6=\count44
\off@7=\count45
\off@8=\count46
\off@9=\count47
\off@10=\count48
\off@11=\count49
\off@12=\count50
\off@13=\count51
\off@14=\count52
\off@15=\count53
\@temptokena=\toks12
\@maxfiles=\count54
\@maxoutfiles=\count55

Utility: `docstrip' 2.5e <2014/09/29>
English documentation    <2017/03/13>

**********************************************************
* This program converts documented macro-files into fast *
* loadable files by stripping off (nearly) all comments! *
**********************************************************

********************************************************
* No Configuration file found, using default settings. *
********************************************************

)

Generating file(s) datetime2.sty datetime2-calc.sty 
\openout0 = `datetime2.sty'.

\openout1 = `datetime2-calc.sty'.


Processing file datetime2.dtx (datetime2.sty,package) -> datetime2.sty
                              (datetime2-calc.sty,package) -> datetime2-calc.st
y
% % % % % % % % % % % % <*package > % % % % % % <*driver . . . . . . . . . . .
. . . . . . . . . . . . . . . . . . . . . . . . . . . . . . . . . . . . . . .
. . > % % % % % % % % % % % % % % % % % % % % % % % % % % % % % % % % % % % %
% % % % % % % % % % % % % % % % % % % % % % % % % % % % % % % % % % % % % % %
% % % % % % % % % % % % % % % % % % % % % % % % % % % % % % % % % % % % % % %
% % % % % % % % % % % % % % % % % % % % % % % % % % % % % % % % % % % % % % %
% % % % % % % % % % % % % % % % % % % % % % % % % % % % % % % % % % % % % % %
% % % % % % % % % % % % % % % % % % % % % % % % % % % % % % % % % % % % % % %
% % % % % % % % % % % % % % % % % % % % % % % % % % % % % % % % % % % % % % %
% % % % % % % % % % % % % % % % % % % % % % % % % % % % % % % % % % % % % % %
% % % % % % % % % % % % % % % % % % % % % % % % % % % % % % % % % % % % % % %
% % % % % % % % % % % % % % % % % % % % % % % % % % % % % % % % % % % % % % %
% % % % % % % % % % % % % % % % % % % % % % % % % % % % % % % % % % % % % % %
% % % % % % % % % % % % % % % % % % % % % % % % % % % % % % % % % % % % % % %
% % % % % % % % % % % % % % % % % % % % % % % % % % % % % % % % % % % % % % %
% % % % % % % % % % % % % % % % % % % % % % % % % % % % % % % % % % % % % % %
% % % % % % % % % % % % % % % % % % % % % % % % % % % % % % % % % % % % % % %
% % % % % % % % % % % % % % % % % % % % % % % % % % % % % % % % % % % % % % %
% % % % % % % % % % % % % % % % % % % % % % % % % % % % % % % % % % % % % % %
% % % % % % % % % % % % % % % % % % % % % % % % % % % % % % % % % % % % % % %
% % % % % % % % % % % % % % % % % % % % % % % % % % % % % % % % % % % % % % %
% % % % % % % % % % % % % % % % % % % % % % % % % % % % % % % % % % % % % % %
% % % % % % % % % % % % % % % % % % % % % % % % % % % % % % % % % % % % % % %
% % % % % % % % % % % % % % % % % % % % % % % % % % % % % % % % % % % % % % %
% % % % % % % % % % % % % % % % % % % % % % % % % % % % % % % % % % % % % % %
% % % % % % % % % % % % % % % % % % % % % % % % % % % % % % % % % % % % % % %
% % % % % % % % % % % % % % % % % % % % % % % % % % % % % % % % % % % % % % %
% % % % % % % % % % % % % % % % % % % % % % % % % % % % % % % % % % % % % % %
% % % % % % % % % % % % % % % % % % % % % % % % % % % % % % % % % % % % % % %
% % % % % % % % % % % % % % % % % % % % % % % % % % % % % % % % % % % % % % %
% % % % % % % % % % % % % % % % % % % % % % % % % % % % % % % % % % % % % % %
% % % % % % % % % % % % % % % % % % % % % % % % % % % % % % % % % % % % % % %
% % % % % % % % % % % % % % % % % % % % % % % % % % % % % % % % % % % % % % %
% % % % % % % % % % % % % % % % % % % % % % % % % % % % % % % % % % % % % % %
% % % % % % % % % % % % % % % % % % % % % % % % % % % % % % % % % % % % % % %
% % % % % % % % % % % % % % % % % % % % % % % % % % % % % % % % % % % % % % %
% % % % % % % % % % % % % % % % % % % % % % % % % % % % % % % % % % % % % % %
% % % % % % % % % % % % % % % % % % % % % % % % % % % % % % % % % % % % % % %
% % % % % % % % % % % % % % % % % % % % % % % % % % % % % % % % % % % % % % %
% % % % % % % % % % % % % % % % % % % % % % % % % % % % % % % % % % % % % % %
% % % % % % % % % % % % % % % % % % % % % % % % % % % % % % % % % % % % % % %
% % % % % % % % % % % % % % % % % % % % % % % % % % % % % % % % % % % % % % %
% % % % % % % % % % % % % % % % % % % % % % % % % % % % % % % % % % % % % % %
% % % % % % % % % % % % % % % % % % % % % % % % % % % % % % % % % % % % % % %
% % % % % % % % % % % % % % % % % % % % % % % % % % % % % % % % % % % % % % %
% % % % % % % % % % % % % % % % % % % % % % % % % % % % % % % % % % % % % % %
% % % % % % % % % % % % % % % % % % % % % % % % % % % % % % % % % % % % % % %
% % % % % % % % % % % % % % % % % % % % % % % % % % % % % % % % % % % % % % %
% % % % % % % % % % % % % % % % % % % % % % % % % % % % % % % % % % % % % % %
% % % % % % % % % % % % % % % % % % % % % % % % % % % % % % % % % % % % % % %
% % % % % % % % % % % % % % % % % % % % % % % % % % % % % % % % % % % % % % %
% % % % % % % % % % % % % % % % % % % % % % % % % % % % % % % % % % % % % % %
% % % % % % % % % % % % % % % % % % % % % % % % % % % % % % % % % % % % % % %
% % % % % % % % % % % % % % % % % % % % % % % % % % % % % % % % % % % % % % %
% % % % % % % % % % % % % % % % % % % % % % % % % % % % % % % % % % % % % % %
% % % % % % % % % % % % % % % % % % % % % % % % % % % % % % % % % % % % % % %
% % % % % % % % % % % % % % % % % % % % % % % % % % % % % % % % % % % % % % %
% % % % % % % % % % % % % % % % % % % % % % % % % % % % % % % % % % % % % % %
% % % % % % % % % % % % % % % % % % % % % % % % % % % % % % % % % % % % % % %
% % % % % % % % % % % % % % % % % % % % % % % % % % % % % % % % % % % % % % %
% % % % % % % % % % % % % % % % % % % % % % % % % % % % % % % % % % % % % % %
% % % % % % % % % % % % % % % % % % % % % % % % % % % % % % % % % % % % % % %
% % % % % % % % % % % % % % % % % % % % % % % % % % % % % % % % % % % % % % %
% % % % % % % % % % % % % % % % % % % % % % % % % % % % % % % % % % % % % % %
% % % % % % % % % % % % % % % % % % % % % % % % % % % % % % % % % % % % % % %
% % % % % % % % % % % % % % % % % % % % % % % % % % % % % % % % % % % % % % %
% % % % % % % % % % % % % % % % % % % % % % % % % % % % % % % % % % % % % % %
% % % % % % % % % % % % % % % % % % % % % % % % % % % % % % % % % % % % % % %
% % % % % % % % % % % % % % % % % % % % % % % % % % % % % % % % % % % % % % %
% % % % % % % % % % % % % % % % % % % % % % % % % % % % % % % % % % % % % % %
% % % % % % % % % % % % % % % % % % % % % % % % % % % % % % % % % % % % % % %
% % % % % % % % % % % % % % % % % % % % % % % % % % % % % % % % % % % % % % %
% % % % % % % % % % % % % % % % % % % % % % % % % % % % % % % % % % % % % % %
% % % % % % % % % % % % % % % % % % % % % % % % % % % % % % % % % % % % % % %
% % % % % % % % % % % % % % % % % % % % % % % % % % % % % % % % % % % % % % %
% % % % % % % % % % % % % % % % % % % % % % % % % % % % % % % % % % % % % % %
% % % % % % % % % % % % % % % % % % % % % % % % % % % % % % % % % % % % % % %
% % % % % % % % % % % % % % % % % % % % % % % % % % % % % % % % % % % % % % %
% % % % % % % % % % % % % % % % % % % % % % % % % % % % % % % % % % % % % % %
% % % % % % % % % % % % % % % % % % % % % % % % % % % % % % % % % % % % % % %
% % % % % % % % % % % % % % % % % % % % % % % % % % % % % % % % % % % % % % %
% % % % % % % % % % % % % % % % % % % % % % % % % % % % % % % % % % % % % % %
% % % % % % % % % % % % % % % % % % % % % % % % % % % % % % % % % % % % % % %
% % % % % % % % % % % % % % % % % % % % % % % % % % % % % % % % % % % % % % %
% % % % % % % % % % % % % % % % % % % % % % % % % % % % % % % % % % % % % % %
% % % % % % % % % % % % % % % % % % % % % % % % % % % % % % % % % % % % % % %
% % % % % % % % % % % % % % % % % % % % % % % % % % % % % % % % % % % % % % %
% % % % % % % % % % % % % % % % % % % % % % % % % % % % % % % % % % % % % % %
% % % % % % % % % % % % % % % % % % % % % % % % % % % % % % % % % % % % % % %
% % % % % % % % % % % % % % % % % % % % % % % % % % % % % % % % % % % % % % %
% % % % % % % % % % % % % % % % % % % % % % % % % % % % % % % % % % % % % % %
% % % % % % % % % % % % % % % % % % % % % % % % % % % % % % % % % % % % % % %
% % % % % % % % % % % % % % % % % % % % % % % % % % % % % % % % % % % % % % %
% % % % % % % % % % % % % % % % % % % % % % % % % % % % % % % % % % % % % % %
% % % % % % % % % % % % % % % % % % % % % % % % % % % % % % % % % % % % % % %
% % % % % % % % % % % % % % % % % % % % % % % % % % % % % % % % % % % % % % %
% % % % % % % % % % % % % % % % % % % % % % % % % % % % % % % % % % % % % % %
% % % % % % % % % % % % % % % % % % % % % % % % % % % % % % % % % % % % % % %
% % % % % % % % % % % % % % % % % % % % % % % % % % % % % % % % % % % % % % %
% % % % % % % % % % % % % % % % % % % % % % % % % % % % % % % % % % % % % % %
% % % % % % % % % % % % % % % % % % % % % % % % % % % % % % % % % % % % % % %
% % % % % % % % % % % % % % % % % % % % % % % % % % % % % % % % % % % % % % %
% % % % % % % % % % % % % % % % % % % % % % % % % % % % % % % % % % % % % % %
% % % % % % % % % % % % % % % % % % % % % % % % % % % % % % % % % % % % % % %
% % % % % % % % % % % % % % % % % % % % % % % % % % % % % % % % % % % % % % %
% % % % % % % % % % % % % % % % % % % % % % % % % % % % % % % % % % % % % % %
% % % % % % % % % % % % % % % % % % % % % % % % % % % % % % % % % % % % % % %
% % % % % % % % % % % % % % % % % % % % % % % % % % % % % % % % % % % % % % %
% % % % % % % % % % % % % % % % % % % % % % % % % % % % % % % % % % % % % % %
% % % % % % % % % % % % % % % % % % % % % % % % % % % % % % % % % % % % % % %
% % % % % % % % % % % % % % % % % % % % % % % % % % % % % % % % % % % % % % %
% % % % % % % % % % % % % % % % % % % % % % % % % % % % % % % % % % % % % % %
% % % % % % % % % % % % % % % % % % % % % % % % % % % % % % % % % % % % % % %
% % % % % % % % % % % % % % % % % % % % % % % % % % % % % % % % % % % % % % %
% % % % % % % % % % % % % % % % % % % % % % % % % % % % % % % % % % % % % % %
% % % % % % % % % % % % % % % % % % % % % % % % % % % % % % % % % % % % % % %
% % % % % % % % % % % % % % % % % % % % % % % % % % % % % % % % % % % % % % %
% % % % % % % % % % % % % % % % % % % % % % % % % % % % % % % % % % % % % % %
% % % % % % % % % % % % % % % % % % % % % % % % % % % % % % % % % % % % % % %
% % % % % % % % % % % % % % % % % % % % % % % % % % % % % % % % % % % % % % %
% % % % % % % % % % % % % % % % % % % % % % % % % % % % % % % % % % % % % % %
% % % % % % % % % % % % % % % % % % % % % % % % % % % % % % % % % % % % % % %
% % % % % % % % % % % % % % % % % % % % % % % % % % % % % % % % % % % % % % %
% % % % % % % % % % % % % % % % % % % % % % % % % % % % % % % % % % % % % % %
% % % % % % % % % % % % % % % % % % % % % % % % % % % % % % % % % % % % % % %
% % % % % % % % % % % % % % % % % % % % % % % % % % % % % % % % % % % % % % %
% % % % % % % % % % % % % % % % % % % % % % % % % % % % % % % % % % % % % % %
% % % % % % % % % % % % % % % % % % % % % % % % % % % % % % % % % % % % % % %
% % % % % % % % % % % % % % % % % % % % % % % % % % % % % % % % % % % % % % %
% % % % % % % % % % % % % % % % % % % % % % % % % % % % % % % % % % % % % % %
% % % % % % % % % % % % % % % % % % % % % % % % % % % % % % % % % % % % % % %
% % % % % % % % % % % % % % % % % % % % % % % % % % % % % % % % % % % % % % %
% % % % % % % % % % % % % % % % % % % % % % % % % % % % % % % % % % % % % % %
% <inserted text . > % % % % % % % % % % % % % % % % % % % % % % % % % % % % %
% % % % % % % % % % % % % % % % % % % % % % % % % % % % % % % % % % % % % % %
% % % % % % % % % % % % % % % % % % % % % % % % % % % % % % % % % % % % % % %
% % % % % % % % % % % % % % % % % % % % % % % % % % % % % % % % % % % % % % %
% % % % % % % % % % % % % % % % % % % % % % % % % % % % % % % % % % % % % % %
% % % % % % % % % % % % % % % % % % % % % % % % % % % % % % % % % % % % % % %
% % % % % % % % % % % % % % % % % % % % % % % % % % % % % % % % % % % % % % %
% % % % % % % % % % % % % % % % % % % % % % % % % % % % % % % % % % % % % % %
% % % % % % % % % % % % % % % % % % % % % % % % % % % % % % % % % % % % % % %
% % % % % % % % % % % % % % % % % % % % % % % % % % % % % % % % % % % % % % %
% % % % % % % % % % % % % % % % % % % % % % % % % % % % % % % % % % % % % % %
% % % % % % % % % % % % % % % % % % % % % % % % % % % % % % % % % % % % % % %
% % % % % % % % % % % % % % % % % % % % % % % % % % % % % % % % % % % % % % %
% % % % % % % % % % % % % % % % % % % % % % % % % % % % % % % % % %
<*datetime2.sty % % % % % . . % % % . % % % . % % % . % % % % % % % % % % % .
. . . . % % % % % . . . . . % % % % % % . . . % % % % . . . . % % % % % % % %
% % . . . . . . % % % . . . . . . . . % % % % % % . % % % % % % . % % % % % %
. % % % % % % . % % % % % % . % % % % % % . % % % % % % . % % % % % % . . . .
. % % % % % % . . . % % % % % % . . . % % % % % % . . . % % % % % % . . . . %
% % % % % . . . % % % % % % . . . % % % % % % % . . . % % % % % % % . . . % %
% % % % . % % % % % % % . . % % % % % % % . % % % % % % % % . . % % % % % % .
. . . . . . . . % % % % % % . . % % % % % % % % % % % % % % % % % . % % % % %
% % % . . . . . . . . . . . . . % % % % % . . . % % % % . % % % % . . . . . .
. . . . . . . . . % % % % % % % . % % % % % % % % % % . . . . % % % % % % . .
. . . % % % % % % . . % % % % % . % % % % % % . . . . . . . . % % % % % % % %
% . . . . . . . . . . . . . . . . . . . . . . . . . . . . . . . % % % % . % %
% % % . % % % % . % % % % % . . . . . % % % % % % % % % % % . . . . . . % % %
% % % % % % . . . . . % % % % % % % % % % . . . . % % % % % % % % % . . . . .
. . . . . . . . . % % % % % % % % % % . . . . . % % % % % % . . . . . . . . .
. . . . % % % % % % % . . . . . . . . . . . . . % % % % % % . . % % % . . . .
. . . . . . . . . . . . . . . . . . . % % % . % % % . . . . . . . . % % % % .
. . . . . . . . . . . . . . . . . % % % % . . . . . . . . . . . . . . . . . .
. . . . . . . . . . . . . . . . . . . . . . . . . . . . . . . . . . . . . . .
. . . . . . . . . . . . . . . . . . . . . . . . % % % % % . . . . . . % % % .
. . . . . . . . . . . . . . . . . . . . . . . . . . . . . . . % % % % % % % .
. . . . . . . . % % % . . . . % % % . % % % % % . % % % % % % . . . . % % % %
% % % % . . . . . . . % % % % % % % % . % % % % % % . % % % % % % % % . . . .
. . . % % % % % . % % % % % % % % % % % . . . % % % % % % . % % % % % % % % %
% % . % % % % % % % % % % % . % % % % % % . . . . % % % % % % . . . . . . % %
% % % % % % . % % % % % % . . . . % % % % % % . . . . . . % % % % % % . . . .
. . % % % % % % % % % . . . . % % % % % % % % . . . . % % % % % % . . . . . %
% % % % % . . . . . . . . . . . . . . % % % % % % . . . . . . . . . . . . % %
% % % % . . . . . . . . . . . . % % % % % % % % % . . . . . . . . . . . . . .
. . % % % % % % % % % . % % % % % % % % % . . . . . . . . . . . % % % % . . .
. . . . . % % % % % % % % . . . . . . . . . . . % % % % % % . . . . . . . . .
. . % % % % % % % % . . . . . . . . % % % % % % . % % % % % % % % % % % % % .
. . . . . . . . % % % % % % % % % % . . . . . . . . . % % % % % % % . . . . .
. . . % % % % % % % % . . . . . . . . . % % % % % % % % % % . . . . . . . . .
% % % % % % % . . . . . . . . % % % % % % % % . . . . . . . . . % % % % % % %
% % % . . . . . . . . . % % % % % % % . . . . . . . . % % % % % % % % % % % %
% . . . % % % % % % . . . . . . . . . % % % % % % . . . % % % % % . . . % % %
% % % % . . . % % % % % % . . . % % % % % % % % % . % % % % % % % . . . . . .
. . . . . . . . . . . . . . . . . . . . . % % % % % % % % % % . . . % % % % %
% % % % % . . . % % % % % % % % % % . . . % % % % % % % % % % . . . % % % % %
% % % % % % % . . . . . . . . . . . . . . . . . % % % % % % % % % % % % % . .
. . . . . . . . . . . . . . . % % % % % % % % % % % % . . . . . . . . . . . .
. . . . % % % % % . . . . . . . % % % % % . . . . . . . % % % % % . . . . . .
. % % % % % % % % % % % % % % . . . % % % % . . . . . % % % % % . . . . . . %
% % % . . . . . . . . . . . . . . . . . . . . . . . . . . . . . . . . . . . .
. . . . . . . . . . . . . . . . . . . . . . % % % % % % % . . . . . . . . . .
. . % % % . . . . . . . . . . . . . . . . % % % % % . . . . . . . . . . . . .
. . . . % % % % % . . . % % % % % . . . % % % % % . . . . . . . . . . . . . .
. . . . . . . . . . . . % % % % % . . . . . . . . . . . . . . . . . . . . . .
. . % % % % . . . . . . . . . . . . . . . . . . . . . . . . . % % % % % . . .
. . . . . . . . . . . . . . . . . . . . % % % % % . . . . . . . . . . . . . .
. . . . . . . . . . . % % % % % . . . . . . . . . . . . % % % % . . . . . . .
. . . . . . . . . . . . . . . . . . . . . . % % % % % . . . . . . . . . . . .
. . . . . . . . . . . . % % % % . . . . . . . . . . . . . . . . . . . . . . .
. . . . % % % % % . . . . . . . . . . . . . . . . . . . . . . . . % % % % . .
. . . . . . . . . . . . . . . . . . . . . . . . . . . % % % % % . . . . . . .
. . . . . . . . . . . . . . . . . % % % % . . . . . . . . . . . . . . . . . .
. . . . . . . . . . . % % % % % . . . . . . . . . . . . . . . . . . . . . . .
. % % % % % . . . . . . . . . . . . . . . . . . . . . . . . . . . % % % % % .
. . . . . . . . . . . . . . . . . . . . . . . % % % % . . . . . . . . . . . .
. . . . . . . . . . . . . . . % % % % % . . . . . . . . . . . . . . . . . . .
. . . . . % % % % . . . . . . . . . . . . . . . . . . . . . . . . . . . . . %
% % % % . . . . . . . . . . . . . . . . . . . . . . . . % % % % . . . . . . .
. . . . . . . . . . . . . . . . . . . . . . % % % % % . . . . . . . . . . . .
. . . . . . . . . . . . % % % % % . . . . . . . . . . . . . . . . . . . . . .
. . . . . % % % % % . . . . . . . . . . . . . . . . . . . . . . . . % % % % .
. . . . . . . . % % % % . . . . . . . % % % % . . . . % % % % % . . . . % % %
% % % % % % % % % % % % % % % % . . . . . . . . . . . . % % % % % % % . . . .
. . . . . . . % % % % % % % % % . . . . . . . . . . . . % % % % % % % % % % %
. . . . . . . . . . . . % % % % % % % % % % . . . . . . . . . . . . % % % % %
% % . . . . . . . . . . . . . . . . . . . . . . . . . % % % % % % . . . . . .
. . . . . % % % % % % . . . . . . . . . . . % % % % % % % . % % % % . % % % %
. % % % % . % % % % . % % % % . % % % % . % % % % . % % % % . % % % % % % % %
% . . . . . . . . . . . . . % % % % % % % % % . . . . . . . . . . . . . % % %
% % % % % % . . . . . . . . . . . . % % % % % % % % % . . . . . . . . . . . %
% % % % % % % % . . . . . . . . . . . . . . . . . . % % % % % % % % % . . . .
. . . . . . . . . . . . . . % % % % % % % . . . % % % % % % % % % % % . . . .
. . . . . . . % % % % % % . % % % % % % % % % % % . . . . . . . . . . . . . .
. . . . . % % % % % . . . % % % % % % . . . . . . . . . . . . . . . . % % % %
% . . . % % % % % % % % % % % . . . . . % % % % % % . . . % % % % % % % % . .
. . . . . . . . . % % % % % % % % % . % % % % % % % % % % . % % % % % % % % %
. % % % % % % % % % . % % % % % % % % % . % % % % % % % % % % % % . . % % % .
. . . . . . . . . . . % % % % . . . . . % % % % % % % . . . . . . . . % % % %
. % % % % . % % % % . % % % > % % % % <*datetime2-calc.sty % % % % . . % % % .
. % % % % % % . % % % % % % % % . . . . . . % % % % % % . . . . . % % % % % %
. . . . . . . . . . . . . % % % % % % % % . . . . . . . . . . . . . % % % % %
% % % % . . . . . . . . . . . . . . % % % % % % . . . . . . . . . . . . . % %
% % % % % . . . . . . . . . . . . . . . . . . . . . . . . . % % % % % % % . .
. . . . . . . . . . . . . . . % % % % % % % % % % % . . . . . . . . . . % % %
. . . % % % . . . . . . % % % . . . % % % % . . % % % . . % % % . . . . . % %
% . . . % % % . . . % % % % . . . . . . . % % % . . . . % % % . . . . . . . .
. . . . . . . . % % % . . . . . . . . . . % % % % % % % % % % % % % % % % % .
. . . . . . . . % % % % % % . % % % . . % % % . . . % % % % . . % % % . . . %
% % % % % . . . . . % % % % % % . % % % . . % % % . . . % % % % . . % % % . .
. % % % % % . . . . . . . . . . % % % % . % % % . . . . . % % % . . . . . . .
. % % % % % % . % % % . . % % % . . . % % % % . . % % % . . . % % % % % % . .
. . . % % % % % % . % % % . . % % % . . . % % % % . . % % % . . . % % % % % .
. . . . . . . . . . % % % % . % % % . . . . . % % % . . . . . . . . % % % % %
% % % % % % % . . . . . % % % % % % % % . % % % % % % . % % % % % % . % % % %
% % . % % % % % % . % % % % % % . % % % % % % . % % % % % % . % % % . . % % %
. . . % % % % . . % % % . . . % % % % % % . . . . . % % % % % % . % % % . . %
% % . . . % % % % . . % % % . . . % % % % % . . . . . . . . . . % % % % . % %
% . . . . . % % % . . . . . . . . % % % % % % . % % % . . % % % . . . % % % %
. . % % % . . . % % % % % % . . . . . % % % % % % . % % % . . % % % . . . % %
% % . . % % % . . . % % % % % . . . . . . . . . . . % % % % . % % % . . . . .
% % % . . . . . . . . . % % % % % % . % % % . . % % % . . . % % % % . . % % %
. . . % % % % % % . . . . % % % % % % % . . . . . . . . % % % % > % % %
File datetime2.dtx ended by \endinput.
Lines  processed: 9882
Comments removed: 7495
Comments  passed: 15
Codelines passed: 2363

 )
No pages of output.
