This is TeX, Version 3.1415926 (TeX Live 2013) (format=tex 2019.5.8)  12 JUL 2019 11:55
**tablefootnote.dtx
(./tablefootnote.dtx (/usr/share/texlive/texmf-dist/tex/latex/base/docstrip.tex
\blockLevel=\count26
\emptyLines=\count27
\processedLines=\count28
\commentsRemoved=\count29
\commentsPassed=\count30
\codeLinesPassed=\count31
\TotalprocessedLines=\count32
\TotalcommentsRemoved=\count33
\TotalcommentsPassed=\count34
\TotalcodeLinesPassed=\count35
\NumberOfFiles=\count36
\inFile=\read0
\inputcheck=\read1
\@tempcnta=\count37
\off@0=\count38
\off@1=\count39
\off@2=\count40
\off@3=\count41
\off@4=\count42
\off@5=\count43
\off@6=\count44
\off@7=\count45
\off@8=\count46
\off@9=\count47
\off@10=\count48
\off@11=\count49
\off@12=\count50
\off@13=\count51
\off@14=\count52
\off@15=\count53
\@temptokena=\toks12
\@maxfiles=\count54
\@maxoutfiles=\count55
Utility: `docstrip' 2.5d <2005/07/29>
English documentation    <1999/03/31>

**********************************************************
* This program converts documented macro-files into fast *
* loadable files by stripping off (nearly) all comments! *
**********************************************************

********************************************************
* No Configuration file found, using default settings. *
********************************************************

)
******************************************************************
* Installation *
* Package: tablefootnote 2014/01/26 v1.1c Table foot notes (HMM) *
******************************************************************

Generating file(s) tablefootnote.ins tablefootnote.drv tablefootnote.sty tablef
ootnote-example.tex 
\openout0 = `tablefootnote.ins'.

\openout1 = `tablefootnote.drv'.

\openout2 = `tablefootnote.sty'.

\openout3 = `tablefootnote-example.tex'.


Processing file tablefootnote.dtx (install) -> tablefootnote.ins
                                  (driver) -> tablefootnote.drv
                                  (package) -> tablefootnote.sty
                                  (example) -> tablefootnote-example.tex
File tablefootnote.dtx ended by \endinput.
Lines  processed: 1858
Comments removed: 1058
Comments  passed: 12
Codelines passed: 776

************************************************************************
*
* To finish the installation you have to move the following
* file into a directory searched by TeX:
*
*     tablefootnote.sty
*
* To produce the documentation run the file `tablefootnote.drv'
* through (pdf)LaTeX, e.g.
*  pdflatex tablefootnote.drv
*  makeindex -s gind.ist tablefootnote.idx
*  pdflatex tablefootnote.drv
*  makeindex -s gind.ist tablefootnote.idx
*  pdflatex tablefootnote.drv
*
* At least three runs are necessary e.g. to get the
*  references right!
*
* Happy TeXing!
*
************************************************************************
 )
No pages of output.
