This is TeX, Version 3.14159265 (TeX Live 2020/Debian) (preloaded format=tex 2021.8.7)  17 FEB 2022 15:18
**nsf.dbj
(./nsf.dbj (/usr/share/texlive/texmf-dist/tex/latex/base/docstrip.tex
\blockLevel=\count26
\emptyLines=\count27
\processedLines=\count28
\commentsRemoved=\count29
\commentsPassed=\count30
\codeLinesPassed=\count31
\TotalprocessedLines=\count32
\TotalcommentsRemoved=\count33
\TotalcommentsPassed=\count34
\TotalcodeLinesPassed=\count35
\NumberOfFiles=\count36
\inFile=\read0
\inputcheck=\read1
\@tempcnta=\count37
\off@0=\count38
\off@1=\count39
\off@2=\count40
\off@3=\count41
\off@4=\count42
\off@5=\count43
\off@6=\count44
\off@7=\count45
\off@8=\count46
\off@9=\count47
\off@10=\count48
\off@11=\count49
\off@12=\count50
\off@13=\count51
\off@14=\count52
\off@15=\count53
\@temptokena=\toks12
\@maxfiles=\count54
\@maxoutfiles=\count55

Utility: `docstrip' v2.6a <2020-07-07>
English documentation    <2020-07-11>

**********************************************************
* This program converts documented macro-files into fast *
* loadable files by stripping off (nearly) all comments! *
**********************************************************

********************************************************
* No Configuration file found, using default settings. *
********************************************************

)

Generating file(s) nsf.bst 

Processing file merlin.mbs (head,ay,annote,pres,seq-no,nm-revf,dt-beg,dtrev,jtt
l-rm,volp-com,jpg-1,pp-last,num-xser,ser-vol,jnm-x,btit-rm,bt-rm,bkpg-x,isbn,is
sn,doi,in-col,ppx,ed,ord,xand,url,url-nl,em-it,nfss,,{}) -> nsf.bst
Lines  processed: 9446
Comments removed: 3867
Comments  passed: 1
Codelines passed: 3732


Processing file physjour.mbs (ay,annote,pres,seq-no,nm-revf,dt-beg,dtrev,jttl-r
m,volp-com,jpg-1,pp-last,num-xser,ser-vol,jnm-x,btit-rm,bt-rm,bkpg-x,isbn,issn,
doi,in-col,ppx,ed,ord,xand,url,url-nl,em-it,nfss,,{}) -> nsf.bst
Lines  processed: 398
Comments removed: 160
Comments  passed: 0
Codelines passed: 202


Processing file geojour.mbs (ay,annote,pres,seq-no,nm-revf,dt-beg,dtrev,jttl-rm
,volp-com,jpg-1,pp-last,num-xser,ser-vol,jnm-x,btit-rm,bt-rm,bkpg-x,isbn,issn,d
oi,in-col,ppx,ed,ord,xand,url,url-nl,em-it,nfss,,{}) -> nsf.bst
Lines  processed: 404
Comments removed: 143
Comments  passed: 0
Codelines passed: 249


Processing file photjour.mbs (ay,annote,pres,seq-no,nm-revf,dt-beg,dtrev,jttl-r
m,volp-com,jpg-1,pp-last,num-xser,ser-vol,jnm-x,btit-rm,bt-rm,bkpg-x,isbn,issn,
doi,in-col,ppx,ed,ord,xand,url,url-nl,em-it,nfss,,{}) -> nsf.bst
Lines  processed: 227
Comments removed: 128
Comments  passed: 0
Codelines passed: 87


Processing file merlin.mbs (tail,ay,annote,pres,seq-no,nm-revf,dt-beg,dtrev,jtt
l-rm,volp-com,jpg-1,pp-last,num-xser,ser-vol,jnm-x,btit-rm,bt-rm,bkpg-x,isbn,is
sn,doi,in-col,ppx,ed,ord,xand,url,url-nl,em-it,nfss,,{}) -> nsf.bst
Lines  processed: 9446
Comments removed: 3867
Comments  passed: 1
Codelines passed: 3732

Overall statistics:
Files  processed: 5
Lines  processed: 19921
Comments removed: 8165
Comments  passed: 2
Codelines passed: 8002
 )
No pages of output.
